Wed Jun  7 22:37:34 2023: Running xcd server. This server was built by gradle.
Wed Jun  7 22:37:34 2023: Server was asked to start on port: '37151'
Wed Jun  7 22:37:34 2023: Server is using token UUID: 'c5fb7fd1-c7cf-432e-8d49-325303297e88'
Wed Jun  7 22:37:34 2023: SESSION_MGR: creating session with session uuid: '6d04a3e9-ade5-4ab9-8d63-1f78fcd2ec76' and name 'default'
Wed Jun  7 22:37:34 2023: Attempting to start server on port '37151'
Wed Jun  7 22:37:34 2023: XCD main fifo: created main fifo '/tmp/xcdmainc5fb7fd1-c7cf-432e-8d49-325303297e88', fd read = 12
Wed Jun  7 22:37:34 2023: Running Dispatch Server
Wed Jun  7 22:37:34 2023: Version 2.2.0
Wed Jun  7 22:37:42 2023: Dispatch Server: Accepted socket connection from client
Wed Jun  7 22:37:42 2023: Starting Socket connection
Wed Jun  7 22:37:42 2023: EXCHANGE_TOKEN received, server token: c5fb7fd1-c7cf-432e-8d49-325303297e88, passed token: c5fb7fd1-c7cf-432e-8d49-325303297e88
Wed Jun  7 22:37:42 2023: SESSION_MGR: creating session with session uuid: '8a4e00e7-3d09-4254-9454-2ae863101bb2' and name 'AIE Compilation'
Wed Jun  7 22:37:43 2023: KERNEL_SVC: creating session with uuid: '8a4e00e7-3d09-4254-9454-2ae863101bb2' and name 'AIE Compilation'
Wed Jun  7 22:37:43 2023: GUIDANCE_SMGR: creating guidance session with uuid: '8a4e00e7-3d09-4254-9454-2ae863101bb2' and name 'AIE Compilation'
Wed Jun  7 22:37:54 2023: Dispatch Server: Accepted socket connection from client
Wed Jun  7 22:37:54 2023: Starting Socket connection
Wed Jun  7 22:38:56 2023: SESSION_MGR: closing session for UUID '8a4e00e7-3d09-4254-9454-2ae863101bb2' with name ''
Wed Jun  7 22:38:56 2023: KERNEL_SVC: closing session for UUID '8a4e00e7-3d09-4254-9454-2ae863101bb2' with name ''
Wed Jun  7 22:38:56 2023: GUIDANCE_SMGR: closing session for UUID '8a4e00e7-3d09-4254-9454-2ae863101bb2' with name ''
Wed Jun  7 22:38:56 2023: STOP_SERVER received, server token: c5fb7fd1-c7cf-432e-8d49-325303297e88, passed token: c5fb7fd1-c7cf-432e-8d49-325303297e88
Wed Jun  7 22:38:56 2023: Socket received request to stop server.
Wed Jun  7 22:38:56 2023: Dispatch Server: do_await_stop
Wed Jun  7 22:38:56 2023: Dispatch Server: stopping mainFifo_
Wed Jun  7 22:38:56 2023: XCD main fifo: Stopping
Wed Jun  7 22:38:56 2023: XCD main fifo: do_read error code: Operation canceled
Wed Jun  7 22:38:56 2023: XCD main fifo: bytes_transferred: 0
Wed Jun  7 22:38:56 2023: SERVER: destructor for server bound to port 37151
Wed Jun  7 22:38:56 2023: XCD main fifo: Good unlink of /tmp/xcdmainc5fb7fd1-c7cf-432e-8d49-325303297e88
Wed Jun  7 22:38:56 2023: Server exiting with status 0.
Wed Jun  7 22:38:56 2023: Closing log file.
Wed Jun  7 22:46:19 2023: Running xcd server. This server was built by gradle.
Wed Jun  7 22:46:19 2023: Server was asked to start on port: '42233'
Wed Jun  7 22:46:19 2023: Server is using token UUID: '1adb8a18-6275-4296-add8-7636660d5aad'
Wed Jun  7 22:46:19 2023: SESSION_MGR: creating session with session uuid: '6d04a3e9-ade5-4ab9-8d63-1f78fcd2ec76' and name 'default'
Wed Jun  7 22:46:19 2023: Attempting to start server on port '42233'
Wed Jun  7 22:46:19 2023: XCD main fifo: created main fifo '/tmp/xcdmain1adb8a18-6275-4296-add8-7636660d5aad', fd read = 12
Wed Jun  7 22:46:19 2023: Running Dispatch Server
Wed Jun  7 22:46:19 2023: Version 2.2.0
Wed Jun  7 22:46:28 2023: Dispatch Server: Accepted socket connection from client
Wed Jun  7 22:46:28 2023: Starting Socket connection
Wed Jun  7 22:46:28 2023: EXCHANGE_TOKEN received, server token: 1adb8a18-6275-4296-add8-7636660d5aad, passed token: 1adb8a18-6275-4296-add8-7636660d5aad
Wed Jun  7 22:46:28 2023: SESSION_MGR: creating session with session uuid: 'dbfd51cb-7f27-43c0-b352-d1b709cf8fb9' and name 'AIE Compilation'
Wed Jun  7 22:46:28 2023: KERNEL_SVC: creating session with uuid: 'dbfd51cb-7f27-43c0-b352-d1b709cf8fb9' and name 'AIE Compilation'
Wed Jun  7 22:46:28 2023: GUIDANCE_SMGR: creating guidance session with uuid: 'dbfd51cb-7f27-43c0-b352-d1b709cf8fb9' and name 'AIE Compilation'
Wed Jun  7 22:46:34 2023: Dispatch Server: Accepted socket connection from client
Wed Jun  7 22:46:34 2023: Starting Socket connection
Wed Jun  7 22:47:14 2023: SESSION_MGR: closing session for UUID 'dbfd51cb-7f27-43c0-b352-d1b709cf8fb9' with name ''
Wed Jun  7 22:47:14 2023: KERNEL_SVC: closing session for UUID 'dbfd51cb-7f27-43c0-b352-d1b709cf8fb9' with name ''
Wed Jun  7 22:47:14 2023: GUIDANCE_SMGR: closing session for UUID 'dbfd51cb-7f27-43c0-b352-d1b709cf8fb9' with name ''
Wed Jun  7 22:47:14 2023: STOP_SERVER received, server token: 1adb8a18-6275-4296-add8-7636660d5aad, passed token: 1adb8a18-6275-4296-add8-7636660d5aad
Wed Jun  7 22:47:14 2023: Socket received request to stop server.
Wed Jun  7 22:47:14 2023: Dispatch Server: do_await_stop
Wed Jun  7 22:47:14 2023: Dispatch Server: stopping mainFifo_
Wed Jun  7 22:47:14 2023: XCD main fifo: Stopping
Wed Jun  7 22:47:14 2023: XCD main fifo: do_read error code: Operation canceled
Wed Jun  7 22:47:14 2023: XCD main fifo: bytes_transferred: 0
Wed Jun  7 22:47:14 2023: SERVER: destructor for server bound to port 42233
Wed Jun  7 22:47:14 2023: XCD main fifo: Good unlink of /tmp/xcdmain1adb8a18-6275-4296-add8-7636660d5aad
Wed Jun  7 22:47:14 2023: Server exiting with status 0.
Wed Jun  7 22:47:14 2023: Closing log file.
Thu Jun  8 00:53:36 2023: Running xcd server. This server was built by gradle.
Thu Jun  8 00:53:36 2023: Server was asked to start on port: '32881'
Thu Jun  8 00:53:36 2023: Server is using token UUID: '83d3f632-3cc0-455e-8b79-94659e5e6d9c'
Thu Jun  8 00:53:36 2023: SESSION_MGR: creating session with session uuid: '6d04a3e9-ade5-4ab9-8d63-1f78fcd2ec76' and name 'default'
Thu Jun  8 00:53:36 2023: Attempting to start server on port '32881'
Thu Jun  8 00:53:36 2023: XCD main fifo: created main fifo '/tmp/xcdmain83d3f632-3cc0-455e-8b79-94659e5e6d9c', fd read = 12
Thu Jun  8 00:53:36 2023: Running Dispatch Server
Thu Jun  8 00:53:36 2023: Version 2.2.0
Thu Jun  8 00:53:45 2023: Dispatch Server: Accepted socket connection from client
Thu Jun  8 00:53:45 2023: Starting Socket connection
Thu Jun  8 00:53:45 2023: EXCHANGE_TOKEN received, server token: 83d3f632-3cc0-455e-8b79-94659e5e6d9c, passed token: 83d3f632-3cc0-455e-8b79-94659e5e6d9c
Thu Jun  8 00:53:45 2023: SESSION_MGR: creating session with session uuid: '4cb6564c-f692-4973-9c0f-5d9b86f2102d' and name 'AIE Compilation'
Thu Jun  8 00:53:45 2023: KERNEL_SVC: creating session with uuid: '4cb6564c-f692-4973-9c0f-5d9b86f2102d' and name 'AIE Compilation'
Thu Jun  8 00:53:45 2023: GUIDANCE_SMGR: creating guidance session with uuid: '4cb6564c-f692-4973-9c0f-5d9b86f2102d' and name 'AIE Compilation'
Thu Jun  8 00:53:51 2023: Dispatch Server: Accepted socket connection from client
Thu Jun  8 00:53:51 2023: Starting Socket connection
Thu Jun  8 00:54:32 2023: SESSION_MGR: closing session for UUID '4cb6564c-f692-4973-9c0f-5d9b86f2102d' with name ''
Thu Jun  8 00:54:32 2023: KERNEL_SVC: closing session for UUID '4cb6564c-f692-4973-9c0f-5d9b86f2102d' with name ''
Thu Jun  8 00:54:32 2023: GUIDANCE_SMGR: closing session for UUID '4cb6564c-f692-4973-9c0f-5d9b86f2102d' with name ''
Thu Jun  8 00:54:32 2023: STOP_SERVER received, server token: 83d3f632-3cc0-455e-8b79-94659e5e6d9c, passed token: 83d3f632-3cc0-455e-8b79-94659e5e6d9c
Thu Jun  8 00:54:32 2023: Socket received request to stop server.
Thu Jun  8 00:54:32 2023: Dispatch Server: do_await_stop
Thu Jun  8 00:54:32 2023: Dispatch Server: stopping mainFifo_
Thu Jun  8 00:54:32 2023: XCD main fifo: Stopping
Thu Jun  8 00:54:32 2023: XCD main fifo: do_read error code: Operation canceled
Thu Jun  8 00:54:32 2023: XCD main fifo: bytes_transferred: 0
Thu Jun  8 00:54:32 2023: SERVER: destructor for server bound to port 32881
Thu Jun  8 00:54:32 2023: XCD main fifo: Good unlink of /tmp/xcdmain83d3f632-3cc0-455e-8b79-94659e5e6d9c
Thu Jun  8 00:54:32 2023: Server exiting with status 0.
Thu Jun  8 00:54:32 2023: Closing log file.
Thu Jun  8 01:07:54 2023: Running xcd server. This server was built by gradle.
Thu Jun  8 01:07:54 2023: Server was asked to start on port: '46175'
Thu Jun  8 01:07:54 2023: Server is using token UUID: '06b29938-48dc-4799-87a0-372336fab9c4'
Thu Jun  8 01:07:54 2023: SESSION_MGR: creating session with session uuid: '6d04a3e9-ade5-4ab9-8d63-1f78fcd2ec76' and name 'default'
Thu Jun  8 01:07:54 2023: Attempting to start server on port '46175'
Thu Jun  8 01:07:54 2023: XCD main fifo: created main fifo '/tmp/xcdmain06b29938-48dc-4799-87a0-372336fab9c4', fd read = 12
Thu Jun  8 01:07:54 2023: Running Dispatch Server
Thu Jun  8 01:07:54 2023: Version 2.2.0
Thu Jun  8 01:08:03 2023: Dispatch Server: Accepted socket connection from client
Thu Jun  8 01:08:03 2023: Starting Socket connection
Thu Jun  8 01:08:03 2023: EXCHANGE_TOKEN received, server token: 06b29938-48dc-4799-87a0-372336fab9c4, passed token: 06b29938-48dc-4799-87a0-372336fab9c4
Thu Jun  8 01:08:03 2023: SESSION_MGR: creating session with session uuid: '5af51454-4cc4-4636-8b1c-ed3fa7ce84ef' and name 'AIE Compilation'
Thu Jun  8 01:08:03 2023: KERNEL_SVC: creating session with uuid: '5af51454-4cc4-4636-8b1c-ed3fa7ce84ef' and name 'AIE Compilation'
Thu Jun  8 01:08:03 2023: GUIDANCE_SMGR: creating guidance session with uuid: '5af51454-4cc4-4636-8b1c-ed3fa7ce84ef' and name 'AIE Compilation'
Thu Jun  8 01:08:08 2023: Dispatch Server: Accepted socket connection from client
Thu Jun  8 01:08:08 2023: Starting Socket connection
Thu Jun  8 01:08:48 2023: SESSION_MGR: closing session for UUID '5af51454-4cc4-4636-8b1c-ed3fa7ce84ef' with name ''
Thu Jun  8 01:08:48 2023: KERNEL_SVC: closing session for UUID '5af51454-4cc4-4636-8b1c-ed3fa7ce84ef' with name ''
Thu Jun  8 01:08:48 2023: GUIDANCE_SMGR: closing session for UUID '5af51454-4cc4-4636-8b1c-ed3fa7ce84ef' with name ''
Thu Jun  8 01:08:48 2023: STOP_SERVER received, server token: 06b29938-48dc-4799-87a0-372336fab9c4, passed token: 06b29938-48dc-4799-87a0-372336fab9c4
Thu Jun  8 01:08:48 2023: Socket received request to stop server.
Thu Jun  8 01:08:48 2023: Dispatch Server: do_await_stop
Thu Jun  8 01:08:48 2023: Dispatch Server: stopping mainFifo_
Thu Jun  8 01:08:48 2023: XCD main fifo: Stopping
Thu Jun  8 01:08:48 2023: XCD main fifo: do_read error code: Operation canceled
Thu Jun  8 01:08:48 2023: XCD main fifo: bytes_transferred: 0
Thu Jun  8 01:08:48 2023: SERVER: destructor for server bound to port 46175
Thu Jun  8 01:08:48 2023: XCD main fifo: Good unlink of /tmp/xcdmain06b29938-48dc-4799-87a0-372336fab9c4
Thu Jun  8 01:08:48 2023: Server exiting with status 0.
Thu Jun  8 01:08:48 2023: Closing log file.
Thu Jun  8 01:21:09 2023: Running xcd server. This server was built by gradle.
Thu Jun  8 01:21:09 2023: Server was asked to start on port: '33419'
Thu Jun  8 01:21:09 2023: Server is using token UUID: 'a8aeefe6-3ab0-4d73-950d-77d77b567ded'
Thu Jun  8 01:21:09 2023: SESSION_MGR: creating session with session uuid: '6d04a3e9-ade5-4ab9-8d63-1f78fcd2ec76' and name 'default'
Thu Jun  8 01:21:09 2023: Attempting to start server on port '33419'
Thu Jun  8 01:21:09 2023: XCD main fifo: created main fifo '/tmp/xcdmaina8aeefe6-3ab0-4d73-950d-77d77b567ded', fd read = 12
Thu Jun  8 01:21:09 2023: Running Dispatch Server
Thu Jun  8 01:21:09 2023: Version 2.2.0
Thu Jun  8 01:21:18 2023: Dispatch Server: Accepted socket connection from client
Thu Jun  8 01:21:18 2023: Starting Socket connection
Thu Jun  8 01:21:18 2023: EXCHANGE_TOKEN received, server token: a8aeefe6-3ab0-4d73-950d-77d77b567ded, passed token: a8aeefe6-3ab0-4d73-950d-77d77b567ded
Thu Jun  8 01:21:18 2023: SESSION_MGR: creating session with session uuid: '2b232b7f-dbb1-400c-ad72-5fa34d670905' and name 'AIE Compilation'
Thu Jun  8 01:21:18 2023: KERNEL_SVC: creating session with uuid: '2b232b7f-dbb1-400c-ad72-5fa34d670905' and name 'AIE Compilation'
Thu Jun  8 01:21:18 2023: GUIDANCE_SMGR: creating guidance session with uuid: '2b232b7f-dbb1-400c-ad72-5fa34d670905' and name 'AIE Compilation'
Thu Jun  8 01:21:24 2023: Dispatch Server: Accepted socket connection from client
Thu Jun  8 01:21:24 2023: Starting Socket connection
Thu Jun  8 01:22:03 2023: SESSION_MGR: closing session for UUID '2b232b7f-dbb1-400c-ad72-5fa34d670905' with name ''
Thu Jun  8 01:22:03 2023: KERNEL_SVC: closing session for UUID '2b232b7f-dbb1-400c-ad72-5fa34d670905' with name ''
Thu Jun  8 01:22:03 2023: GUIDANCE_SMGR: closing session for UUID '2b232b7f-dbb1-400c-ad72-5fa34d670905' with name ''
Thu Jun  8 01:22:03 2023: STOP_SERVER received, server token: a8aeefe6-3ab0-4d73-950d-77d77b567ded, passed token: a8aeefe6-3ab0-4d73-950d-77d77b567ded
Thu Jun  8 01:22:03 2023: Socket received request to stop server.
Thu Jun  8 01:22:03 2023: Dispatch Server: do_await_stop
Thu Jun  8 01:22:03 2023: Dispatch Server: stopping mainFifo_
Thu Jun  8 01:22:03 2023: XCD main fifo: Stopping
Thu Jun  8 01:22:03 2023: XCD main fifo: do_read error code: Operation canceled
Thu Jun  8 01:22:03 2023: XCD main fifo: bytes_transferred: 0
Thu Jun  8 01:22:03 2023: SERVER: destructor for server bound to port 33419
Thu Jun  8 01:22:03 2023: XCD main fifo: Good unlink of /tmp/xcdmaina8aeefe6-3ab0-4d73-950d-77d77b567ded
Thu Jun  8 01:22:03 2023: Server exiting with status 0.
Thu Jun  8 01:22:03 2023: Closing log file.
Thu Jun  8 01:33:56 2023: Running xcd server. This server was built by gradle.
Thu Jun  8 01:33:56 2023: Server was asked to start on port: '46781'
Thu Jun  8 01:33:56 2023: Server is using token UUID: '50619433-b21e-4142-a224-25d6d528ae6e'
Thu Jun  8 01:33:56 2023: SESSION_MGR: creating session with session uuid: '6d04a3e9-ade5-4ab9-8d63-1f78fcd2ec76' and name 'default'
Thu Jun  8 01:33:56 2023: Attempting to start server on port '46781'
Thu Jun  8 01:33:56 2023: XCD main fifo: created main fifo '/tmp/xcdmain50619433-b21e-4142-a224-25d6d528ae6e', fd read = 12
Thu Jun  8 01:33:56 2023: Running Dispatch Server
Thu Jun  8 01:33:56 2023: Version 2.2.0
Thu Jun  8 01:34:05 2023: Dispatch Server: Accepted socket connection from client
Thu Jun  8 01:34:05 2023: Starting Socket connection
Thu Jun  8 01:34:05 2023: EXCHANGE_TOKEN received, server token: 50619433-b21e-4142-a224-25d6d528ae6e, passed token: 50619433-b21e-4142-a224-25d6d528ae6e
Thu Jun  8 01:34:05 2023: SESSION_MGR: creating session with session uuid: 'eabd78b8-44b9-4e02-9fb6-b50c332b455c' and name 'AIE Compilation'
Thu Jun  8 01:34:05 2023: KERNEL_SVC: creating session with uuid: 'eabd78b8-44b9-4e02-9fb6-b50c332b455c' and name 'AIE Compilation'
Thu Jun  8 01:34:05 2023: GUIDANCE_SMGR: creating guidance session with uuid: 'eabd78b8-44b9-4e02-9fb6-b50c332b455c' and name 'AIE Compilation'
Thu Jun  8 01:34:11 2023: Dispatch Server: Accepted socket connection from client
Thu Jun  8 01:34:11 2023: Starting Socket connection
Thu Jun  8 01:34:52 2023: SESSION_MGR: closing session for UUID 'eabd78b8-44b9-4e02-9fb6-b50c332b455c' with name ''
Thu Jun  8 01:34:52 2023: KERNEL_SVC: closing session for UUID 'eabd78b8-44b9-4e02-9fb6-b50c332b455c' with name ''
Thu Jun  8 01:34:52 2023: GUIDANCE_SMGR: closing session for UUID 'eabd78b8-44b9-4e02-9fb6-b50c332b455c' with name ''
Thu Jun  8 01:34:52 2023: STOP_SERVER received, server token: 50619433-b21e-4142-a224-25d6d528ae6e, passed token: 50619433-b21e-4142-a224-25d6d528ae6e
Thu Jun  8 01:34:52 2023: Socket received request to stop server.
Thu Jun  8 01:34:52 2023: Dispatch Server: do_await_stop
Thu Jun  8 01:34:52 2023: Dispatch Server: stopping mainFifo_
Thu Jun  8 01:34:52 2023: XCD main fifo: Stopping
Thu Jun  8 01:34:52 2023: XCD main fifo: do_read error code: Operation canceled
Thu Jun  8 01:34:52 2023: XCD main fifo: bytes_transferred: 0
Thu Jun  8 01:34:52 2023: SERVER: destructor for server bound to port 46781
Thu Jun  8 01:34:52 2023: XCD main fifo: Good unlink of /tmp/xcdmain50619433-b21e-4142-a224-25d6d528ae6e
Thu Jun  8 01:34:52 2023: Server exiting with status 0.
Thu Jun  8 01:34:52 2023: Closing log file.
Thu Jun  8 01:37:54 2023: Running xcd server. This server was built by gradle.
Thu Jun  8 01:37:54 2023: Server was asked to start on port: '44003'
Thu Jun  8 01:37:54 2023: Server is using token UUID: '667b52b3-5092-4c51-9066-443cdcc1ada1'
Thu Jun  8 01:37:54 2023: SESSION_MGR: creating session with session uuid: '6d04a3e9-ade5-4ab9-8d63-1f78fcd2ec76' and name 'default'
Thu Jun  8 01:37:54 2023: Attempting to start server on port '44003'
Thu Jun  8 01:37:54 2023: XCD main fifo: created main fifo '/tmp/xcdmain667b52b3-5092-4c51-9066-443cdcc1ada1', fd read = 12
Thu Jun  8 01:37:54 2023: Running Dispatch Server
Thu Jun  8 01:37:54 2023: Version 2.2.0
Thu Jun  8 01:38:03 2023: Dispatch Server: Accepted socket connection from client
Thu Jun  8 01:38:03 2023: Starting Socket connection
Thu Jun  8 01:38:03 2023: EXCHANGE_TOKEN received, server token: 667b52b3-5092-4c51-9066-443cdcc1ada1, passed token: 667b52b3-5092-4c51-9066-443cdcc1ada1
Thu Jun  8 01:38:03 2023: SESSION_MGR: creating session with session uuid: 'c807cc53-fa9b-41ee-a29d-f796af0f34ee' and name 'AIE Compilation'
Thu Jun  8 01:38:03 2023: KERNEL_SVC: creating session with uuid: 'c807cc53-fa9b-41ee-a29d-f796af0f34ee' and name 'AIE Compilation'
Thu Jun  8 01:38:03 2023: GUIDANCE_SMGR: creating guidance session with uuid: 'c807cc53-fa9b-41ee-a29d-f796af0f34ee' and name 'AIE Compilation'
Thu Jun  8 01:38:09 2023: Dispatch Server: Accepted socket connection from client
Thu Jun  8 01:38:09 2023: Starting Socket connection
Thu Jun  8 01:38:50 2023: SESSION_MGR: closing session for UUID 'c807cc53-fa9b-41ee-a29d-f796af0f34ee' with name ''
Thu Jun  8 01:38:50 2023: KERNEL_SVC: closing session for UUID 'c807cc53-fa9b-41ee-a29d-f796af0f34ee' with name ''
Thu Jun  8 01:38:50 2023: GUIDANCE_SMGR: closing session for UUID 'c807cc53-fa9b-41ee-a29d-f796af0f34ee' with name ''
Thu Jun  8 01:38:50 2023: STOP_SERVER received, server token: 667b52b3-5092-4c51-9066-443cdcc1ada1, passed token: 667b52b3-5092-4c51-9066-443cdcc1ada1
Thu Jun  8 01:38:50 2023: Socket received request to stop server.
Thu Jun  8 01:38:50 2023: Dispatch Server: do_await_stop
Thu Jun  8 01:38:50 2023: Dispatch Server: stopping mainFifo_
Thu Jun  8 01:38:50 2023: XCD main fifo: Stopping
Thu Jun  8 01:38:50 2023: XCD main fifo: do_read error code: Operation canceled
Thu Jun  8 01:38:50 2023: XCD main fifo: bytes_transferred: 0
Thu Jun  8 01:38:50 2023: SERVER: destructor for server bound to port 44003
Thu Jun  8 01:38:50 2023: XCD main fifo: Good unlink of /tmp/xcdmain667b52b3-5092-4c51-9066-443cdcc1ada1
Thu Jun  8 01:38:50 2023: Server exiting with status 0.
Thu Jun  8 01:38:50 2023: Closing log file.
Thu Jun  8 01:39:55 2023: Running xcd server. This server was built by gradle.
Thu Jun  8 01:39:55 2023: Server was asked to start on port: '37541'
Thu Jun  8 01:39:55 2023: Server is using token UUID: '70bfbdc0-90c5-45fe-9bbe-95f4534bf29c'
Thu Jun  8 01:39:55 2023: SESSION_MGR: creating session with session uuid: '6d04a3e9-ade5-4ab9-8d63-1f78fcd2ec76' and name 'default'
Thu Jun  8 01:39:55 2023: Attempting to start server on port '37541'
Thu Jun  8 01:39:55 2023: XCD main fifo: created main fifo '/tmp/xcdmain70bfbdc0-90c5-45fe-9bbe-95f4534bf29c', fd read = 12
Thu Jun  8 01:39:55 2023: Running Dispatch Server
Thu Jun  8 01:39:55 2023: Version 2.2.0
Thu Jun  8 01:40:04 2023: Dispatch Server: Accepted socket connection from client
Thu Jun  8 01:40:04 2023: Starting Socket connection
Thu Jun  8 01:40:04 2023: EXCHANGE_TOKEN received, server token: 70bfbdc0-90c5-45fe-9bbe-95f4534bf29c, passed token: 70bfbdc0-90c5-45fe-9bbe-95f4534bf29c
Thu Jun  8 01:40:04 2023: SESSION_MGR: creating session with session uuid: '10fbceae-34fd-4dfc-94fd-8ac9ceb611a3' and name 'AIE Compilation'
Thu Jun  8 01:40:04 2023: KERNEL_SVC: creating session with uuid: '10fbceae-34fd-4dfc-94fd-8ac9ceb611a3' and name 'AIE Compilation'
Thu Jun  8 01:40:04 2023: GUIDANCE_SMGR: creating guidance session with uuid: '10fbceae-34fd-4dfc-94fd-8ac9ceb611a3' and name 'AIE Compilation'
Thu Jun  8 01:40:10 2023: Dispatch Server: Accepted socket connection from client
Thu Jun  8 01:40:10 2023: Starting Socket connection
Thu Jun  8 01:44:07 2023: SESSION_MGR: closing session for UUID '10fbceae-34fd-4dfc-94fd-8ac9ceb611a3' with name ''
Thu Jun  8 01:44:07 2023: KERNEL_SVC: closing session for UUID '10fbceae-34fd-4dfc-94fd-8ac9ceb611a3' with name ''
Thu Jun  8 01:44:07 2023: GUIDANCE_SMGR: closing session for UUID '10fbceae-34fd-4dfc-94fd-8ac9ceb611a3' with name ''
Thu Jun  8 01:44:08 2023: STOP_SERVER received, server token: 70bfbdc0-90c5-45fe-9bbe-95f4534bf29c, passed token: 70bfbdc0-90c5-45fe-9bbe-95f4534bf29c
Thu Jun  8 01:44:08 2023: Socket received request to stop server.
Thu Jun  8 01:44:08 2023: Dispatch Server: do_await_stop
Thu Jun  8 01:44:08 2023: Dispatch Server: stopping mainFifo_
Thu Jun  8 01:44:08 2023: XCD main fifo: Stopping
Thu Jun  8 01:44:08 2023: XCD main fifo: do_read error code: Operation canceled
Thu Jun  8 01:44:08 2023: XCD main fifo: bytes_transferred: 0
Thu Jun  8 01:44:08 2023: SERVER: destructor for server bound to port 37541
Thu Jun  8 01:44:08 2023: XCD main fifo: Good unlink of /tmp/xcdmain70bfbdc0-90c5-45fe-9bbe-95f4534bf29c
Thu Jun  8 01:44:08 2023: Server exiting with status 0.
Thu Jun  8 01:44:08 2023: Closing log file.
