Add module pass {anonymous}::GuidancePass
Add module pass {anonymous}::ChessOptionsPass
Add module pass {anonymous}::DisableInliningInMainPass
Add module pass {anonymous}::XLModuleAdaptor<llvm::PromotePass>
Add module pass {anonymous}::IpConstPropPass
Add module pass {anonymous}::XLModuleAdaptor<llvm::SimplifyCFGPass>
Add module pass {anonymous}::XLModuleAdaptor<llvm::LoopSimplifyPass>
Add module pass {anonymous}::XLModuleAdaptor<llvm::FunctionToLoopPassAdaptor>
Add module pass {anonymous}::XLModuleAdaptor<{anonymous}::AIELoopInfoPass>
Add module pass cdno::xlopt::AIEAnnotatePragmaPass
Add module pass {anonymous}::XLModuleAdaptor<llvm::FunctionToLoopPassAdaptor>
Add module pass {anonymous}::XLModuleAdaptor<{anonymous}::AIELoopPeelPass>
Add module pass {anonymous}::AIEAliasAnalysisPass


--------------- DISABLE FUNCTION INLINING IN MAIN LOG ---------------

Marking function _Z10filter_macP12input_windowIaEP13output_windowIaE noinline

---------------------------------------------------------------------



--------------- LOOP STATISTICS : main ---------------

Total loops = 2
Loops with prepare for pipelining pragma = 0
Loops with unroll pragma = 0
Loops with flatten pragma = 0
Loops with min range pragma = 0
Loops with max range pragma = 0
Loops with known trip count = 0

------------------------------------------------------



--------------- LOOP STATISTICS : _ZL11window_initP15window_internaliPajS1_jii ---------------

Total loops = 1
Loops with prepare for pipelining pragma = 0
Loops with unroll pragma = 0
Loops with flatten pragma = 0
Loops with min range pragma = 0
Loops with max range pragma = 0
Loops with known trip count = 1

----------------------------------------------------------------------------------------------



--------------- LOOP STATISTICS : _Z10filter_macP12input_windowIaEP13output_windowIaE ---------------

Total loops = 1
Loops with prepare for pipelining pragma = 0
Loops with unroll pragma = 0
Loops with flatten pragma = 0
Loops with min range pragma = 0
Loops with max range pragma = 0
Loops with known trip count = 1

-----------------------------------------------------------------------------------------------------



--------------- PRAGMA INSERTION LOG (unroll threshold = 3000, max unroll factor = 7) ---------------

Adding pragma to function _ZL11window_initP15window_internaliPajS1_jii :
	Pragma added to loop at line 55 in file /tools/Xilinx/new/Vitis/2022.2/aietools/include/adf/window/window_internal.h : chess_loop_range(1,1)
	Pragma added to loop at line 55 in file /tools/Xilinx/new/Vitis/2022.2/aietools/include/adf/window/window_internal.h : chess_flatten_loop
Adding pragma to function _Z10filter_macP12input_windowIaEP13output_windowIaE :
	Pragma added to loop at line 39 in file src/aie_kernels/filter_mac.cpp : chess_loop_range(60,60)
	Pragma added to loop at line 39 in file src/aie_kernels/filter_mac.cpp : chess_prepare_for_pipelining

-----------------------------------------------------------------------------------------------------

