
// File generated by darts version R-2021.03#6beb14dd34#220609, Thu Jun  8 01:43:20 2023
// Copyright 2014-2021 Synopsys, Inc. All rights reserved.
// darts -v -I/tools/Xilinx/new/Vitis/2022.2/aietools/data/versal_prod/lib -d -h -I/tools/Xilinx/new/Vitis/2022.2/aietools/include -I/home/siyuangao/CCF2023-NameInvalid/build.xilinx_vck5000_gen4x8_xdma_2_202210_1.hw/. -I/home/siyuangao/CCF2023-NameInvalid/build.xilinx_vck5000_gen4x8_xdma_2_202210_1.hw/./aie_kernels -I/home/siyuangao/CCF2023-NameInvalid/build.xilinx_vck5000_gen4x8_xdma_2_202210_1.hw/home/siyuangao/CCF2023-NameInvalid/data -I/home/siyuangao/CCF2023-NameInvalid/build.xilinx_vck5000_gen4x8_xdma_2_202210_1.hw/home/siyuangao/CCF2023-NameInvalid/src -I/home/siyuangao/CCF2023-NameInvalid/build.xilinx_vck5000_gen4x8_xdma_2_202210_1.hw/tools/Xilinx/new/Vitis/2022.2/aietools/include -I/home/siyuangao/CCF2023-NameInvalid/data -I/home/siyuangao/CCF2023-NameInvalid/src -I/tools/Xilinx/new/Vitis/2022.2/aietools/include -I/tools/Xilinx/new/Vitis/2022.2/aietools/data/versal_prod/lib/runtime_cxx/libcxx-lite/include -I/tools/Xilinx/new/Vitis/2022.2/aietools/data/versal_prod/lib/runtime_cxx/libs/libcxx-9.0.0/include-lite -I/tools/Xilinx/new/Vitis/2022.2/aietools/data/versal_prod/lib/runtime/include -D__AIENGINE__ -D__AIEARCH__=10 -DDEPLOYMENT_ELF=1 -DAIE_OPTION_SCALAR_FLOAT_ON_VECTOR -D__tct_tgt__=220608 -L +Ihex +nanno ../Release/24_0.o me

// Release: ipp R-2021.03-TGT-220608
.data_segment_name
.data local 16 _ZL11sync_buffer DMb
	0x0
	0x0
	0x0
	0x0
	0xff
	0xff
	0xff
	0xff
	0x0
	0x0
	0x0
	0x0
	0x0
	0x0
	0x0
	0x0
	0x0
	0x0
	0x0
	0x0
	0x0
	0x0
	0x0
	0x0
	0x0
	0x0
	0x0
	0x0
	0x0
	0x0
	0x0
	0x0

.undef local data _ZL11sync_buffer

.data_segment_name
.bss global 16 buf0 DMb 6144

.data_segment_name
.bss global 16 buf0d DMb 6144

.data_segment_name
.bss global 16 buf1 DMb 2048

.data_segment_name
.bss global 16 buf1d DMb 2048

.undef global data _ZN12me_primitive3ss0E


.undef global data _ZN12me_primitive3ms0E


.undef global data _ZN12me_primitive4sst0E


.undef global data _ZN12me_primitive4ssc0E


.undef global data _ZN12me_primitive5wsst0E


.undef global data _ZN12me_primitive4msc0E


.undef global data _ZN12me_primitive3ss1E


.undef global data _ZN12me_primitive3ms1E


.undef global data _ZN12me_primitive4sst1E


.undef global data _ZN12me_primitive4ssc1E


.undef global data _ZN12me_primitive5wsst1E


.undef global data _ZN12me_primitive4msc1E


.undef global data ZERO

.undef global data ONES

.undef global data __chess_separator_dummy

.undef global data __chess_separator_idummy

.text_segment_name
.text global 16 _Z10filter_macP12input_windowIaEP13output_windowIaE
.label __Z10filter_macP12input_windowIaEP13output_windowIaE___func_begin0
.function_start
	     0    0x30 0x08 0x10 0xc0 0x14 0x02 0x90 0x04 0x0a 0x80 0x00 0x3f                      MOV.s10 m0, #32;    MOV.s9 r0, #0;      PADDS [p0], #8;                                             MOV.u20 p2, #ZERO;            NOP
	    12    0x0a 0xd0 0x98 0xc2 0x09 0x50 0x42 0x04 0x02 0x80 0x00 0x80 0x00 0x04 0x20 0x00  VLDA wr2, [p2];     MOV.s9 r8, #16;     NOP;                          MOV.s12 m1, #672;             MOV.u20 cl2, #0;              NOP;                                    VSHLV.32 wc0, r0;NOP
	    28    0x08 0x92 0x27 0xd4 0x08 0x03 0xf2 0x00 0x12 0x80 0x01 0x3f                      PADDA [sp], m1;     LDB p3, [p0], #16;                                MOV.s12 r9, #7;               MOVT.s12 cl2, #1;             NOP
	    40    0x41 0xa6 0x11 0xc1 0x08 0x00 0xe4 0x07 0x20 0x7a 0x98 0x3f                      LDA cb1, [p0], #12; MOV.s9 r1, #8;                                    MOV.s12 r2, #1;               MOV.u20 ch1, #834200;         NOP
	    52    0x49 0xd0 0x1e 0xc0 0x45 0x00 0x40 0x00 0x10 0x4f 0xed 0x80 0x00 0x04 0xe0 0x00  LDA cs1, [p0];      MOV.s9 r14, #2;     NOP;                          ADD.NRM s0, r2, #0;           MOVT.s12 ch1, #-19;           NOP;                                    VSHLV.32 wc1, r1;NOP
	    68    0x39 0x01 0x1c 0xc0 0x77 0x6b 0xfd 0x05 0x02 0x72 0x10 0x80 0x00 0x05 0x60 0x00  MOV.s10 r1, #4;     MOV.s9 r12, #3;     VST wc1, [sp, #-96];          NOP;                          MOV.u20 cl1, #274960;         NOP;                                    VSHLV.32 wc1, r2;NOP
	    84    0x08 0xac 0x5d 0xc0 0xb7 0x6b 0xfa 0x00 0x12 0x47 0x65 0x3f                      PADDA [p1], #24;    MOV.s9 r13, #5;     VST wc1, [sp, #-192];                                       MOVT.s12 cl1, #1893;          NOP
	    96    0x24 0x0e 0xc7 0x00 0x07 0x63 0xfb 0x80 0x37 0x3e 0x94 0x7f                      MOV.s10 lc, #59;                        VST wc0, [sp, #-160];         MOV.s12 r9, #6;               MOV ch0, r0;                  VSHL1.32 wd1, r9
	   108    0x40 0xa6 0x66 0x57 0x07 0x7b 0xfe 0x80 0x07 0x2e 0x94 0x7f                      LDA cb0, [p1], #12;                     VST wd1, [sp, #-64];          MOV.s12 r9, #0;               VMOV vdl0, vrh2;              VSHL1.32 wr3, r9
	   120    0x6b 0x3f 0xf5 0x02 0x42 0x20 0x04 0xf7                                                                                  VST vdl0, [sp, #-16];         ADD.ILV.64 s1, r2, #0;        MOV ch2, ch0
.noswbrkpt
	   128    0x48 0xb2 0x44 0x22 0x00 0x00 0x00 0x77                                          LDA cs0, [p1], #-28;                                                  NOP;                          MOV cl0, ch2
.nohwbrkpt
.noswbrkpt
	   136    0x69 0xd0 0x46 0x9a 0x80 0x00 0x00 0x77                                          LDA p1, [p1];                                                         NOP;                          MOV p2, p1
	   144    0x80 0x00 0x00 0x40 0x6c 0x56 0x07 0xf7                                                                                  NOP;                                                        MOV.u20 le, #(ZLE_F_Z10filter_macP12input_windowIaEP13output_windowIaE_1376 + 0);NOP
	   152    0x05 0x10 0xc0 0x00 0x10 0x00 0x00 0x04 0x06 0x03 0x90 0x3f                      VLDA.UNPACK.s8 xa, [p3], m0, cyc1;NOP;  NOP;                                                        MOV.u20 ls, #(ZLS_F_Z10filter_macP12input_windowIaEP13output_windowIaE_912 + 0);NOP
	   164    0x00 0x01                                                                        NOP
.noswbrkpt
	   166    0x1d 0x10 0xf8 0x03                                                              NOP;                VLDB.UNPACK.s8 xd, [p3], m0, cyc1
.nohwbrkpt
.noswbrkpt
	   170    0x00 0x01                                                                        NOP
.nohwbrkpt
.noswbrkpt
	   172    0x0d 0x10 0xc0 0x00 0x00 0x00 0x00 0x37                                          VLDA.UNPACK.s8 xb, [p3], m0, cyc1;      NOP;                          NOP
.nohwbrkpt
.noswbrkpt
	   180    0x00 0x01                                                                        NOP
.nohwbrkpt
.noswbrkpt
	   182    0x00 0x01                                                                        NOP
.nohwbrkpt
.noswbrkpt
	   184    0x74 0xbf 0x99 0x15 0x31 0x00 0x3e 0x02 0x01 0x00 0x84 0xaf                      NOP;                                    VST wr1, [sp, #-224];                                       VMOV wr1, wr2;                NOP;                                    VMAC.48.UPSB bm1, vdl0, s0, ya.s16, r8, c1, r0, wc0.s32, #0, c0, c2
.nohwbrkpt
.noswbrkpt
	   196    0x74 0x3f 0xc0 0x00 0x01 0x23 0xa2 0xf7                                                                                  VST wr0, [sp, #-128];         NOP;                          VMOV wr0, wr3
.noswbrkpt
	   204    0x05 0x10 0xc0 0x00 0x10 0x00 0x00 0x0e 0xef 0xea 0x00 0xd8 0x40 0x20 0x10 0xb4  VLDA.UNPACK.s8 xa, [p3], m0, cyc1;NOP;  NOP;                          NOP;                          VST.SPIL wd1, [sp, #-352];    NOP;                                    VMAC.48 bm1, yd.s16, r8, c1, r0, wc1.s32, #0, c0, c2
.nohwbrkpt
.noswbrkpt
	   220    0x80 0x00 0x00 0xc7 0xbb 0xd4 0x27 0xf7                                                                                  NOP;                                                        VLDA.SPIL wd1, [sp, #-352];   NOP
.nohwbrkpt
.noswbrkpt
	   228    0x75 0xbf 0x60 0x00 0x01 0x21 0xae 0xf7                                                                                  VST wr3, [sp, #-320];         NOP;                          VMOV wr3, wr1
.nohwbrkpt
.noswbrkpt
	   236    0x75 0x3f 0x70 0x00 0x01 0x20 0xaa 0xf7                                                                                  VST wr2, [sp, #-288];         NOP;                          VMOV wr2, wr0
	   244    0x80 0x00 0x00 0xec 0xff 0x00 0x07 0xf7                                                                                  NOP;                                                        VST.SPIL wd0, [sp, #-256];    NOP
	   252    0x80 0x00 0x00 0xcf 0x33 0xfe 0x27 0xf7                                                                                  NOP;                                                        VLDA.SPIL vdl0, [sp, #-16];   NOP
.noswbrkpt
	   260    0x80 0x00 0x00 0xc7 0x8b 0xe4 0x27 0xf7                                                                                  NOP;                                                        VLDA.SPIL wr1, [sp, #-224];   NOP
.nohwbrkpt
.noswbrkpt
	   268    0x80 0x00 0x00 0xc7 0x83 0xf0 0x27 0xf7                                                                                  NOP;                                                        VLDA.SPIL wr0, [sp, #-128];   NOP
.nohwbrkpt
.noswbrkpt
	   276    0x80 0x00 0x00 0xc7 0x8b 0xd8 0x27 0xf7                                                                                  NOP;                                                        VLDA.SPIL wr1, [sp, #-320];   NOP
.nohwbrkpt
.noswbrkpt
	   284    0x80 0x00 0x00 0xc7 0xb3 0xe0 0x27 0xf7                                                                                  NOP;                                                        VLDA.SPIL wd0, [sp, #-256];   NOP
.nohwbrkpt
.noswbrkpt
	   292    0x00 0x00 0x0e 0x88 0x70 0x00 0x00 0x0c 0x78 0x3d 0xc2 0x3f                      NOP;                VLDB.UNPACK.s8 xd, [p3], m0, cyc1;NOP;                                          VLDA.SPIL wr0, [sp, #-288];   NOP
.nohwbrkpt
.noswbrkpt
	   304    0x00 0x00 0x00 0x00 0x10 0x00 0x00 0x0e 0x2f 0xe6 0x00 0xc0 0x40 0x20 0x10 0x90  NOP;                NOP;                NOP;                          NOP;                          VST.SPIL wr1, [sp, #-416];    NOP;                                    VMAC.48.UPSB bm0, vdl0, s0, ya.s16, r8, c1, r0, wc0.s32, #0, c0, c2
.nohwbrkpt
.noswbrkpt
	   320    0x74 0x3f 0x49 0x1d 0xd1 0x00 0x3e 0x02 0x00 0x00 0x84 0xef                      NOP;                                    VST wr0, [sp, #-384];                                       VMOV wd0, wr3;                NOP;                                    VMAC.48.UPSB bm3, vdl0, s0, ya.s16, r0, c1, r0, wc0.s32, #0, c0, c2
.nohwbrkpt
.noswbrkpt
	   332    0x80 0x00 0x00 0xc7 0x8b 0xcc 0x27 0xf7                                                                                  NOP;                                                        VLDA.SPIL wr1, [sp, #-416];   NOP
.nohwbrkpt
.noswbrkpt
	   340    0x02 0xfd 0x00 0x00 0x10 0x00 0x00 0x69 0xe2 0x00 0x00 0xc0 0x40 0x00 0x10 0x98  VLDA wr0, [sp, #-384];NOP;              NOP;                          NOP;                          VSHL0.32 wc0, r14;            NOP;                                    VMAC.48.UPSB bm2, vdl0, s0, ya.s16, r0, c1, r0, wc0.s32, #0, c0, c2
.nohwbrkpt
.noswbrkpt
	   356    0x80 0x00 0x00 0xe8 0xfe 0xe0 0x07 0xf7                                                                                  NOP;                                                        VST.SPIL wc0, [sp, #-288];    NOP
.nohwbrkpt
.noswbrkpt
	   364    0x05 0x10 0xe0 0x00 0x00 0x00 0x06 0xc2 0x00 0x00 0x85 0xcf                      VLDA.UNPACK.s8 xa, [p3], m0, cyc1;      NOP;                          NOP;                                                        NOP;                                    VMAC.48 bm2, yd.s16, r0, c1, r0, wc1.s32, #0, c0, c2
.nohwbrkpt
.noswbrkpt
	   376    0x80 0x00 0x05 0x84 0x02 0x01 0x0b 0x07                                          NOP;                                    NOP;                                                                                                                              VMAC.48 bm0, yd.s16, r8, c1, r0, wc1.s32, #0, c0, c2
.nohwbrkpt
.noswbrkpt
	   384    0x80 0x00 0x05 0x84 0x02 0x01 0x08 0x47                                          NOP;                                    NOP;                                                                                                                              VMAC.48 bm1, ya.s16, r8, c1, r0, wc0.s32, #0, c0, c2
.nohwbrkpt
.noswbrkpt
	   392    0x80 0x00 0x05 0x84 0x00 0x01 0x08 0x87                                          NOP;                                    NOP;                                                                                                                              VMAC.48 bm2, ya.s16, r0, c1, r0, wc0.s32, #0, c0, c2
.nohwbrkpt
.noswbrkpt
	   400    0x00 0x00 0x0a 0x70 0xa1 0x00 0x3e 0xc2 0x00 0x00 0x85 0xef                      NOP;                                    NOP;                                                        VSHL0.32 wc1, r12;            NOP;                                    VMAC.48 bm3, yd.s16, r0, c1, r0, wc1.s32, #0, c0, c2
.nohwbrkpt
.noswbrkpt
	   412    0x00 0x00 0x00 0x00 0x10 0x00 0x00 0x0e 0xaf 0xf0 0x00 0xd8 0x40 0x20 0x10 0xa4  NOP;                NOP;                NOP;                          NOP;                          VST.SPIL wc1, [sp, #-256];    NOP;                                    VMAC.48 bm1, ya.s16, r8, c1, r0, wc1.s32, #0, c0, c2
.nohwbrkpt
.noswbrkpt
	   428    0x12 0xfe 0x02 0x88 0x70 0x00 0x00 0x69 0x12 0x80 0x00 0xd8 0x40 0x00 0x10 0xa8  VLDA wc0, [sp, #-256];VLDB.UNPACK.s8 xa, [p3], m0, cyc1;NOP;          NOP;                          VSHL0.32 wc1, r1;             NOP;                                    VMAC.48 bm2, ya.s16, r0, c1, r0, wc1.s32, #0, c0, c2
.nohwbrkpt
.noswbrkpt
	   444    0x00 0x00 0x0e 0x88 0x70 0x00 0x00 0x0e 0xaf 0xf2 0x00 0xd8 0x40 0x00 0x10 0x8c  NOP;                VLDB.UNPACK.s8 xd, [p3], m0, cyc1;NOP;            NOP;                          VST.SPIL wc1, [sp, #-224];    NOP;                                    VMAC.48 bm3, ya.s16, r0, c1, r0, wc0.s32, #0, c0, c2
.nohwbrkpt
.noswbrkpt
	   460    0x00 0x00 0x00 0x00 0x10 0x00 0x00 0x0c 0x7a 0xbe 0xc2 0xd8 0x40 0x20 0x10 0x80  NOP;                NOP;                NOP;                          NOP;                          VLDA.SPIL wc1, [sp, #-160];   NOP;                                    VMAC.48 bm0, ya.s16, r8, c1, r0, wc0.s32, #0, c0, c2
.nohwbrkpt
.noswbrkpt
	   476    0x80 0x00 0x05 0x84 0x02 0x01 0x0b 0x47                                          NOP;                                    NOP;                                                                                                                              VMAC.48 bm1, yd.s16, r8, c1, r0, wc1.s32, #0, c0, c2
.nohwbrkpt
.noswbrkpt
	   484    0x00 0x00 0x0a 0x74 0xa1 0x00 0x3e 0xc2 0x00 0x00 0x85 0xcf                      NOP;                                    NOP;                                                        VSHL0.32 wc1, r13;            NOP;                                    VMAC.48 bm2, yd.s16, r0, c1, r0, wc1.s32, #0, c0, c2
.nohwbrkpt
.noswbrkpt
	   496    0x00 0x00 0x00 0x00 0x10 0x00 0x00 0x0e 0xaf 0xf8 0x00 0xd8 0x40 0x20 0x10 0xa4  NOP;                NOP;                NOP;                          NOP;                          VST.SPIL wc1, [sp, #-128];    NOP;                                    VMAC.48 bm1, ya.s16, r8, c1, r0, wc1.s32, #0, c0, c2
.nohwbrkpt
.noswbrkpt
	   512    0x80 0x00 0x05 0x84 0x00 0x01 0x0a 0x87                                          NOP;                                    NOP;                                                                                                                              VMAC.48 bm2, ya.s16, r0, c1, r0, wc1.s32, #0, c0, c2
	   520    0x00 0x00 0x00 0x00 0x10 0x00 0x00 0x0d 0x3f 0xe8 0x00 0xd8 0x40 0x20 0x10 0x80  NOP;                NOP;                NOP;                          NOP;                          VST.SPIL.48 aml3.hi, [sp, #-384];NOP;                                 VMAC.48 bm0, ya.s16, r8, c1, r0, wc0.s32, #0, c0, c2
	   536    0x80 0x00 0x00 0xc3 0xfe 0x60 0x07 0xf7                                                                                  NOP;                                                        VST.SPIL.48 aml3.lo, [sp, #-416];NOP
.noswbrkpt
	   544    0x80 0x00 0x00 0xc7 0x0f 0xcc 0x27 0xf7                                                                                  NOP;                                                        VLDA.SPIL.48 aml3.lo, [sp, #-416];NOP
.nohwbrkpt
.noswbrkpt
	   552    0x80 0x00 0x00 0xc7 0x4f 0xd0 0x27 0xf7                                                                                  NOP;                                                        VLDA.SPIL.48 aml3.hi, [sp, #-384];NOP
.nohwbrkpt
.noswbrkpt
	   560    0x80 0x00 0x00 0xc7 0xfe 0xa0 0x07 0xf7                                                                                  NOP;                                                        VST.SPIL.48 amh3.lo, [sp, #-352];NOP
.nohwbrkpt
.noswbrkpt
	   568    0x80 0x00 0x00 0xc7 0x1f 0xd4 0x27 0xf7                                                                                  NOP;                                                        VLDA.SPIL.48 amh3.lo, [sp, #-352];NOP
.nohwbrkpt
.noswbrkpt
	   576    0x80 0x00 0x00 0xee 0xfe 0xa0 0x07 0xf7                                                                                  NOP;                                                        VST.SPIL wd1, [sp, #-352];    NOP
.nohwbrkpt
.noswbrkpt
	   584    0x80 0x00 0x00 0xc7 0xbb 0xd4 0x27 0xf7                                                                                  NOP;                                                        VLDA.SPIL wd1, [sp, #-352];   NOP
.nohwbrkpt
.noswbrkpt
	   592    0x80 0x00 0x00 0xc7 0xa3 0xe8 0x27 0xf7                                                                                  NOP;                                                        VLDA.SPIL wc0, [sp, #-192];   NOP
.nohwbrkpt
.noswbrkpt
	   600    0x80 0x00 0x00 0xd7 0xfe 0xc0 0x07 0xf7                                                                                  NOP;                                                        VST.SPIL.48 amh3.hi, [sp, #-320];NOP
.nohwbrkpt
.noswbrkpt
	   608    0x80 0x00 0x00 0xc7 0x5f 0xd8 0x27 0xf7                                                                                  NOP;                                                        VLDA.SPIL.48 amh3.hi, [sp, #-320];NOP
.nohwbrkpt
.noswbrkpt
	   616    0x80 0x00 0x00 0xec 0xfe 0xc0 0x07 0xf7                                                                                  NOP;                                                        VST.SPIL wd0, [sp, #-320];    NOP
.nohwbrkpt
.noswbrkpt
	   624    0x80 0x00 0x00 0xcf 0x33 0xfe 0x27 0xf7                                                                                  NOP;                                                        VLDA.SPIL vdl0, [sp, #-16];   NOP
.nohwbrkpt
.noswbrkpt
	   632    0x80 0x00 0x05 0x84 0x02 0x41 0x08 0xc7                                          NOP;                                    NOP;                                                                                                                              VMAC.48 bm3, ya.s16, r9, c1, r0, wc0.s32, #0, c0, c2
	   640    0x00 0x01                                                                        NOP
.noswbrkpt
	   642    0x80 0x00 0x00 0xc7 0xb3 0xd8 0x27 0xf7                                                                                  NOP;                                                        VLDA.SPIL wd0, [sp, #-320];   NOP
.nohwbrkpt
.noswbrkpt
	   650    0x80 0x00 0x00 0xc7 0xbb 0xd4 0x27 0xf7                                                                                  NOP;                                                        VLDA.SPIL wd1, [sp, #-352];   NOP
.nohwbrkpt
.noswbrkpt
	   658    0x00 0x01                                                                        NOP
.nohwbrkpt
.noswbrkpt
	   660    0x00 0x01                                                                        NOP
.nohwbrkpt
.noswbrkpt
	   662    0x80 0x00 0x00 0xd7 0xfd 0xe0 0x07 0xf7                                                                                  NOP;                                                        VST.SPIL.48 amh3.hi, [sp, #-544];NOP
.nohwbrkpt
.noswbrkpt
	   670    0x00 0x00 0x00 0x00 0x10 0x00 0x00 0x0c 0x7f 0xe0 0x00 0xc0 0x40 0x20 0x10 0xbc  NOP;                NOP;                NOP;                          NOP;                          VST.SPIL.48 amh3.lo, [sp, #-512];NOP;                                 VMAC.48.UPSB bm3, vdl0, s0, ya.s16, r8, c1, r0, wc1.s32, #0, c0, c2
.nohwbrkpt
.noswbrkpt
	   686    0x80 0x00 0x00 0xd3 0xfe 0x20 0x07 0xf7                                                                                  NOP;                                                        VST.SPIL.48 aml3.hi, [sp, #-480];NOP
.nohwbrkpt
.noswbrkpt
	   694    0x78 0xff 0x29 0x1d 0xd1 0x00 0x3e 0xc2 0x01 0x00 0x84 0xef                      NOP;                                    VST.48 aml3.lo, [sp, #-448];                                VMOV wd0, wr3;                NOP;                                    VMAC.48 bm3, yd.s16, r8, c1, r0, wc0.s32, #0, c0, c2
.noswbrkpt
	   706    0x80 0x00 0x00 0xc7 0xb3 0xd8 0x27 0xf7                                                                                  NOP;                                                        VLDA.SPIL wd0, [sp, #-320];   NOP
.nohwbrkpt
.noswbrkpt
	   714    0x80 0x00 0x00 0xc7 0xab 0xdc 0x27 0xf7                                                                                  NOP;                                                        VLDA.SPIL wc1, [sp, #-288];   NOP
.nohwbrkpt
.noswbrkpt
	   722    0x00 0x01                                                                        NOP
.nohwbrkpt
.noswbrkpt
	   724    0x00 0x00 0x02 0x88 0x70 0x00 0x00 0x0c 0x7a 0x3f 0x82 0x3f                      NOP;                VLDB.UNPACK.s8 xa, [p3], m0, cyc1;NOP;                                          VLDA.SPIL wc0, [sp, #-64];    NOP
.nohwbrkpt
.noswbrkpt
	   736    0x00 0x01                                                                        NOP
.nohwbrkpt
.noswbrkpt
	   738    0x00 0x00 0x00 0x00 0x10 0x00 0x00 0x0c 0x7a 0x3f 0x42 0xc0 0x40 0x00 0x10 0xbc  NOP;                NOP;                NOP;                          NOP;                          VLDA.SPIL wc0, [sp, #-96];    NOP;                                    VMAC.48.UPSB bm3, vdl0, s0, ya.s16, r0, c1, r0, wc1.s32, #0, c0, c2
.nohwbrkpt
.noswbrkpt
	   754    0x80 0x00 0x00 0xd7 0xfd 0x60 0x07 0xf7                                                                                  NOP;                                                        VST.SPIL.48 amh3.hi, [sp, #-672];NOP
.nohwbrkpt
.noswbrkpt
	   762    0x79 0xfe 0xc9 0x15 0x91 0x00 0x3e 0xc2 0x00 0x00 0x84 0xef                      NOP;                                    VST.48 amh3.lo, [sp, #-640];                                VMOV wc0, wr2;                NOP;                                    VMAC.48 bm3, yd.s16, r0, c1, r0, wc0.s32, #0, c0, c2
.nohwbrkpt
.noswbrkpt
	   774    0x00 0x00 0x00 0x00 0x10 0x00 0x00 0x0d 0x3f 0xda 0x00 0xd8 0x40 0x20 0x10 0x84  NOP;                NOP;                NOP;                          NOP;                          VST.SPIL.48 aml3.hi, [sp, #-608];NOP;                                 VMAC.48 bm1, ya.s16, r8, c1, r0, wc0.s32, #0, c0, c2
.nohwbrkpt
.noswbrkpt
	   790    0x00 0x00 0x00 0x00 0x10 0x00 0x00 0x0c 0x3f 0xdc 0x00 0xd8 0x40 0x00 0x10 0x88  NOP;                NOP;                NOP;                          NOP;                          VST.SPIL.48 aml3.lo, [sp, #-576];NOP;                                 VMAC.48 bm2, ya.s16, r0, c1, r0, wc0.s32, #0, c0, c2
.nohwbrkpt
.noswbrkpt
	   806    0x80 0x00 0x05 0x84 0x02 0x01 0x09 0x47                                          NOP;                                    NOP;                                                                                                                              VMAC.48 bm1, yd.s16, r8, c1, r0, wc0.s32, #0, c0, c2
.nohwbrkpt
.noswbrkpt
	   814    0x80 0x00 0x05 0x84 0x00 0x01 0x09 0x87                                          NOP;                                    NOP;                                                                                                                              VMAC.48 bm2, yd.s16, r0, c1, r0, wc0.s32, #0, c0, c2
.noswbrkpt
	   822    0x00 0x00 0x00 0x00 0x10 0x00 0x00 0x0c 0x71 0xbc 0x02 0xd8 0x40 0x20 0x10 0x84  NOP;                NOP;                NOP;                          NOP;                          VLDA.SPIL.48 amh2.lo, [sp, #-512];NOP;                                VMAC.48 bm1, ya.s16, r8, c1, r0, wc0.s32, #0, c0, c2
.nohwbrkpt
.noswbrkpt
	   838    0x00 0x00 0x00 0x00 0x10 0x00 0x00 0x0c 0x75 0xbb 0xc2 0xd8 0x40 0x00 0x10 0x88  NOP;                NOP;                NOP;                          NOP;                          VLDA.SPIL.48 amh2.hi, [sp, #-544];NOP;                                VMAC.48 bm2, ya.s16, r0, c1, r0, wc0.s32, #0, c0, c2
.nohwbrkpt
.noswbrkpt
	   854    0x80 0x00 0x00 0xc7 0x0b 0xc8 0x27 0xf7                                                                                  NOP;                                                        VLDA.SPIL.48 aml2.lo, [sp, #-448];NOP
.nohwbrkpt
.noswbrkpt
	   862    0x80 0x00 0x00 0xc7 0x4b 0xc4 0x27 0xf7                                                                                  NOP;                                                        VLDA.SPIL.48 aml2.hi, [sp, #-480];NOP
.nohwbrkpt
.noswbrkpt
	   870    0x00 0x01                                                                        NOP
.nohwbrkpt
.noswbrkpt
	   872    0x00 0x01                                                                        NOP
.nohwbrkpt
.noswbrkpt
	   874    0x83 0x2a 0x4d 0x84 0x00 0x01 0x0a 0xc7                                          NOP;                                    VMOVS.48.SRSB vch0, bm1, s1;                                                                                                      VMAC.48 bm3, ya.s16, r0, c1, r0, wc1.s32, #0, c0, c2
.nohwbrkpt
.noswbrkpt
	   882    0x83 0x4a 0x40 0xc7 0xa3 0xe4 0x27 0xf7                                                                                  VMOVS.48.SRSB vcl0, bm2, s1;                                VLDA.SPIL wc0, [sp, #-224];   NOP
.nohwbrkpt
.noswbrkpt
	   890    0x00 0x01                                                                        NOP
.nohwbrkpt
.noswbrkpt
	   892    0x80 0x00 0x00 0xc7 0xa3 0xf0 0x27 0xf7                                                                                  NOP;                                                        VLDA.SPIL wc0, [sp, #-128];   NOP
.nohwbrkpt
.noswbrkpt
	   900    0x00 0x01                                                                        NOP
.nohwbrkpt
.noswbrkpt
	   902    0x00 0x01                                                                        NOP
.nohwbrkpt
.noswbrkpt
	   904    0x80 0x00 0x00 0xd7 0xfe 0xc0 0x07 0xf7                                                                                  NOP;                                                        VST.SPIL.48 amh3.hi, [sp, #-320];NOP
.label ZLS_F_Z10filter_macP12input_windowIaEP13output_windowIaE_912
.loop_nesting 1
.begin_of_loop
.nohwbrkpt
.noswbrkpt
	   912    0xbb 0x00 0x08 0xc7 0xa3 0xe0 0x27 0xf7                                                                                  VST wc0, [p1], m0, cyc0;                                    VLDA.SPIL wc0, [sp, #-256];   NOP
.nohwbrkpt
.noswbrkpt
	   920    0x00 0x00 0x00 0x00 0x10 0x00 0x00 0x0c 0x3f 0xe6 0x00 0xd8 0x40 0x00 0x10 0x98  NOP;                NOP;                NOP;                          NOP;                          VST.SPIL.48 aml3.lo, [sp, #-416];NOP;                                 VMAC.48 bm2, yd.s16, r0, c1, r0, wc0.s32, #0, c0, c2
.nohwbrkpt
.noswbrkpt
	   936    0x00 0x00 0x00 0x00 0x10 0x00 0x00 0x0d 0x3f 0xe8 0x00 0xd8 0x40 0x20 0x10 0x94  NOP;                NOP;                NOP;                          NOP;                          VST.SPIL.48 aml3.hi, [sp, #-384];NOP;                                 VMAC.48 bm1, yd.s16, r8, c1, r0, wc0.s32, #0, c0, c2
.nohwbrkpt
.noswbrkpt
	   952    0x00 0x00 0x00 0x00 0x10 0x00 0x00 0x0c 0x70 0x3b 0x82 0xd8 0x40 0x20 0x10 0x84  NOP;                NOP;                NOP;                          NOP;                          VLDA.SPIL.48 aml0.lo, [sp, #-576];NOP;                                VMAC.48 bm1, ya.s16, r8, c1, r0, wc0.s32, #0, c0, c2
.nohwbrkpt
.noswbrkpt
	   968    0x00 0x00 0x00 0x00 0x10 0x00 0x00 0x0c 0x71 0x3b 0x02 0xd8 0x40 0x00 0x10 0x88  NOP;                NOP;                NOP;                          NOP;                          VLDA.SPIL.48 amh0.lo, [sp, #-640];NOP;                                VMAC.48 bm2, ya.s16, r0, c1, r0, wc0.s32, #0, c0, c2
.nohwbrkpt
.noswbrkpt
	   984    0xf0 0xfb 0x61 0x00 0x40 0x00 0x00 0x77                                          VLDA.48 aml0.hi, [sp, #-608];                                         NOP;                          VMOV aml1, aml0
.nohwbrkpt
.noswbrkpt
	   992    0xf4 0xfa 0xc2 0x88 0x70 0xa0 0xa0 0x57                                          VLDA.48 amh0.hi, [sp, #-672];VLDB.UNPACK.s8 xa, [p3], m0, cyc1;                                     VMOV amh1, amh0
.nohwbrkpt
.noswbrkpt
	  1000    0x00 0x00 0x0e 0x88 0x70 0x00 0x00 0x0c 0x7a 0xbe 0xc2 0x3f                      NOP;                VLDB.UNPACK.s8 xd, [p3], m0, cyc1;NOP;                                          VLDA.SPIL wc1, [sp, #-160];   NOP
.nohwbrkpt
.noswbrkpt
	  1012    0x80 0x00 0x00 0xc7 0x0f 0xcc 0x27 0xf7                                                                                  NOP;                                                        VLDA.SPIL.48 aml3.lo, [sp, #-416];NOP
.nohwbrkpt
.noswbrkpt
	  1020    0x00 0x00 0x00 0x00 0x10 0x00 0x00 0x0c 0x74 0xfd 0x02 0xd8 0x40 0x20 0x10 0xa0  NOP;                NOP;                NOP;                          NOP;                          VLDA.SPIL.48 aml3.hi, [sp, #-384];NOP;                                VMAC.48 bm0, ya.s16, r8, c1, r0, wc1.s32, #0, c0, c2
.nohwbrkpt
.noswbrkpt
	  1036    0x80 0x00 0x00 0xc7 0xfe 0xa0 0x07 0xf7                                                                                  NOP;                                                        VST.SPIL.48 amh3.lo, [sp, #-352];NOP
.nohwbrkpt
.noswbrkpt
	  1044    0x80 0x00 0x00 0xc7 0x1f 0xd4 0x27 0xf7                                                                                  NOP;                                                        VLDA.SPIL.48 amh3.lo, [sp, #-352];NOP
.nohwbrkpt
.noswbrkpt
	  1052    0x80 0x00 0x00 0xc7 0x5f 0xd8 0x27 0xf7                                                                                  NOP;                                                        VLDA.SPIL.48 amh3.hi, [sp, #-320];NOP
.nohwbrkpt
.noswbrkpt
	  1060    0x80 0x00 0x00 0xc7 0xa3 0xe8 0x27 0xf7                                                                                  NOP;                                                        VLDA.SPIL wc0, [sp, #-192];   NOP
.nohwbrkpt
.noswbrkpt
	  1068    0x80 0x00 0x00 0xec 0xfe 0xc0 0x07 0xf7                                                                                  NOP;                                                        VST.SPIL wd0, [sp, #-320];    NOP
.nohwbrkpt
.noswbrkpt
	  1076    0x80 0x00 0x00 0xee 0xfe 0xa0 0x07 0xf7                                                                                  NOP;                                                        VST.SPIL wd1, [sp, #-352];    NOP
.nohwbrkpt
.noswbrkpt
	  1084    0x00 0x00 0x00 0x00 0x10 0x00 0x00 0x0c 0xf3 0x3f 0xe2 0xd8 0x40 0x24 0x10 0x8c  NOP;                NOP;                NOP;                          NOP;                          VLDA.SPIL vdl0, [sp, #-16];   NOP;                                    VMAC.48 bm3, ya.s16, r9, c1, r0, wc0.s32, #0, c0, c2
.nohwbrkpt
.noswbrkpt
	  1100    0x80 0x00 0x00 0xc7 0xbb 0xd4 0x27 0xf7                                                                                  NOP;                                                        VLDA.SPIL wd1, [sp, #-352];   NOP
.nohwbrkpt
.noswbrkpt
	  1108    0x80 0x00 0x00 0xc7 0xb3 0xd8 0x27 0xf7                                                                                  NOP;                                                        VLDA.SPIL wd0, [sp, #-320];   NOP
.nohwbrkpt
.noswbrkpt
	  1116    0x80 0x00 0x05 0x84 0x02 0x01 0x08 0x07                                          NOP;                                    NOP;                                                                                                                              VMAC.48 bm0, ya.s16, r8, c1, r0, wc0.s32, #0, c0, c2
.nohwbrkpt
.noswbrkpt
	  1124    0x00 0x01                                                                        NOP
.nohwbrkpt
.noswbrkpt
	  1126    0x00 0x01                                                                        NOP
.nohwbrkpt
.noswbrkpt
	  1128    0x80 0x00 0x00 0xc3 0xfe 0x40 0x07 0xf7                                                                                  NOP;                                                        VST.SPIL.48 aml3.lo, [sp, #-448];NOP
.nohwbrkpt
.noswbrkpt
	  1136    0x00 0x00 0x00 0x00 0x10 0x00 0x00 0x0c 0x7b 0xbd 0x42 0xc0 0x40 0x20 0x10 0xbc  NOP;                NOP;                NOP;                          NOP;                          VLDA.SPIL wd1, [sp, #-352];   NOP;                                    VMAC.48.UPSB bm3, vdl0, s0, ya.s16, r8, c1, r0, wc1.s32, #0, c0, c2
.nohwbrkpt
.noswbrkpt
	  1152    0x80 0x00 0x00 0xc7 0xb3 0xd8 0x27 0xf7                                                                                  NOP;                                                        VLDA.SPIL wd0, [sp, #-320];   NOP
.nohwbrkpt
.noswbrkpt
	  1160    0x00 0x00 0x00 0x00 0x10 0x00 0x00 0x0d 0x3f 0xe2 0x00 0xd8 0x40 0x20 0x10 0x9c  NOP;                NOP;                NOP;                          NOP;                          VST.SPIL.48 aml3.hi, [sp, #-480];NOP;                                 VMAC.48 bm3, yd.s16, r8, c1, r0, wc0.s32, #0, c0, c2
.nohwbrkpt
.noswbrkpt
	  1176    0x80 0x00 0x00 0xc7 0xfe 0x00 0x07 0xf7                                                                                  NOP;                                                        VST.SPIL.48 amh3.lo, [sp, #-512];NOP
.nohwbrkpt
.noswbrkpt
	  1184    0x80 0x00 0x00 0xc7 0xa3 0xf8 0x27 0xf7                                                                                  NOP;                                                        VLDA.SPIL wc0, [sp, #-64];    NOP
.nohwbrkpt
.noswbrkpt
	  1192    0x80 0x00 0x00 0xd7 0xfd 0xe0 0x07 0xf7                                                                                  NOP;                                                        VST.SPIL.48 amh3.hi, [sp, #-544];NOP
.nohwbrkpt
.noswbrkpt
	  1200    0x12 0xff 0x42 0x88 0x70 0x00 0x00 0x64 0x77 0x40 0x00 0xc0 0x40 0x00 0x10 0xbc  VLDA wc0, [sp, #-96];VLDB.UNPACK.s8 xa, [p3], m0, cyc1;NOP;           NOP;                          VMOV wd0, wr3;                NOP;                                    VMAC.48.UPSB bm3, vdl0, s0, ya.s16, r0, c1, r0, wc1.s32, #0, c0, c2
.nohwbrkpt
.noswbrkpt
	  1216    0x80 0x00 0x00 0xc7 0xab 0xdc 0x27 0xf7                                                                                  NOP;                                                        VLDA.SPIL wc1, [sp, #-288];   NOP
.nohwbrkpt
.noswbrkpt
	  1224    0x78 0xfe 0xe9 0x15 0x91 0x00 0x3e 0xc2 0x00 0x00 0x84 0xef                      NOP;                                    VST.48 aml3.lo, [sp, #-576];                                VMOV wc0, wr2;                NOP;                                    VMAC.48 bm3, yd.s16, r0, c1, r0, wc0.s32, #0, c0, c2
.nohwbrkpt
.noswbrkpt
	  1236    0x00 0x00 0x00 0x00 0x10 0x00 0x00 0x0d 0x3f 0xda 0x00 0xd8 0x40 0x00 0x10 0x88  NOP;                NOP;                NOP;                          NOP;                          VST.SPIL.48 aml3.hi, [sp, #-608];NOP;                                 VMAC.48 bm2, ya.s16, r0, c1, r0, wc0.s32, #0, c0, c2
.nohwbrkpt
.noswbrkpt
	  1252    0x00 0x00 0x00 0x00 0x10 0x00 0x00 0x0c 0x7f 0xd8 0x00 0xd8 0x40 0x20 0x10 0x84  NOP;                NOP;                NOP;                          NOP;                          VST.SPIL.48 amh3.lo, [sp, #-640];NOP;                                 VMAC.48 bm1, ya.s16, r8, c1, r0, wc0.s32, #0, c0, c2
.nohwbrkpt
.noswbrkpt
	  1268    0x00 0x00 0x00 0x00 0x10 0x00 0x00 0x0d 0x7f 0xd6 0x00 0xd8 0x40 0x00 0x10 0x98  NOP;                NOP;                NOP;                          NOP;                          VST.SPIL.48 amh3.hi, [sp, #-672];NOP;                                 VMAC.48 bm2, yd.s16, r0, c1, r0, wc0.s32, #0, c0, c2
.nohwbrkpt
.noswbrkpt
	  1284    0x80 0x00 0x05 0x84 0x02 0x01 0x09 0x47                                          NOP;                                    NOP;                                                                                                                              VMAC.48 bm1, yd.s16, r8, c1, r0, wc0.s32, #0, c0, c2
.nohwbrkpt
.noswbrkpt
	  1292    0x80 0x00 0x05 0x84 0x00 0x01 0x08 0x87                                          NOP;                                    NOP;                                                                                                                              VMAC.48 bm2, ya.s16, r0, c1, r0, wc0.s32, #0, c0, c2
.nohwbrkpt
.noswbrkpt
	  1300    0x80 0x00 0x05 0x84 0x02 0x01 0x08 0x47                                          NOP;                                    NOP;                                                                                                                              VMAC.48 bm1, ya.s16, r8, c1, r0, wc0.s32, #0, c0, c2
.nohwbrkpt
.noswbrkpt
	  1308    0x80 0x00 0x05 0x84 0x00 0x01 0x0a 0xc7                                          NOP;                                    NOP;                                                                                                                              VMAC.48 bm3, ya.s16, r0, c1, r0, wc1.s32, #0, c0, c2
.nohwbrkpt
.noswbrkpt
	  1316    0x80 0x00 0x00 0xc7 0x0b 0xc8 0x27 0xf7                                                                                  NOP;                                                        VLDA.SPIL.48 aml2.lo, [sp, #-448];NOP
.nohwbrkpt
.noswbrkpt
	  1324    0x80 0x00 0x00 0xc7 0xa3 0xe4 0x27 0xf7                                                                                  NOP;                                                        VLDA.SPIL wc0, [sp, #-224];   NOP
.nohwbrkpt
.noswbrkpt
	  1332    0x80 0x00 0x00 0xc7 0x1b 0xc0 0x27 0xf7                                                                                  NOP;                                                        VLDA.SPIL.48 amh2.lo, [sp, #-512];NOP
.nohwbrkpt
.noswbrkpt
	  1340    0x83 0x4a 0x40 0xc7 0xa3 0xf0 0x27 0xf7                                                                                  VMOVS.48.SRSB vcl0, bm2, s1;                                VLDA.SPIL wc0, [sp, #-128];   NOP
.nohwbrkpt
.noswbrkpt
	  1348    0x00 0x00 0x00 0x00 0x10 0x65 0x49 0x0c 0x74 0xbc 0x42 0x3f                      NOP;                NOP;                VMOVS.48.SRSB vch0, bm1, s1;                                VLDA.SPIL.48 aml2.hi, [sp, #-480];NOP
.nohwbrkpt
.noswbrkpt
	  1360    0x00 0x00 0x00 0x00 0x10 0x00 0x00 0x0c 0x75 0xbb 0xc2 0x80 0x00 0x00 0x00 0x00  NOP;                NOP;                NOP;                          NOP;                          VLDA.SPIL.48 amh2.hi, [sp, #-544];NOP;                                NOP
.label ZLE_F_Z10filter_macP12input_windowIaEP13output_windowIaE_1376
.end_of_loop
.nohwbrkpt
.noswbrkpt
	  1376    0x00 0x00 0x00 0x00 0x10 0x00 0x00 0x0d 0x7f 0xec 0x00 0x80 0x00 0x00 0x00 0x00  NOP;                NOP;                NOP;                          NOP;                          VST.SPIL.48 amh3.hi, [sp, #-320];NOP;                                 NOP
.loop_nesting 0
.nohwbrkpt
.noswbrkpt
	  1392    0xbb 0x00 0x08 0x03                                                              NOP;                                    VST wc0, [p1], m0, cyc0
.nohwbrkpt
.noswbrkpt
	  1396    0x00 0x00 0x0e 0x88 0x70 0x00 0x00 0x0c 0x70 0x3b 0x82 0xd8 0x40 0x00 0x10 0x98  NOP;                VLDB.UNPACK.s8 xd, [p3], m0, cyc1;NOP;            NOP;                          VLDA.SPIL.48 aml0.lo, [sp, #-576];NOP;                                VMAC.48 bm2, yd.s16, r0, c1, r0, wc0.s32, #0, c0, c2
.nohwbrkpt
.noswbrkpt
	  1412    0x00 0x00 0x00 0x00 0x10 0x00 0x00 0x0c 0x7a 0x3e 0x02 0xd8 0x40 0x20 0x10 0x94  NOP;                NOP;                NOP;                          NOP;                          VLDA.SPIL wc0, [sp, #-256];   NOP;                                    VMAC.48 bm1, yd.s16, r8, c1, r0, wc0.s32, #0, c0, c2
.nohwbrkpt
.noswbrkpt
	  1428    0x00 0x00 0x02 0x88 0x70 0x00 0x00 0x0c 0x7a 0xbe 0x42 0x3f                      NOP;                VLDB.UNPACK.s8 xa, [p3], m0, cyc1;NOP;                                          VLDA.SPIL wc1, [sp, #-224];   NOP
.nohwbrkpt
.noswbrkpt
	  1440    0x00 0x00 0x00 0x00 0x10 0x00 0x00 0x0c 0x71 0x3b 0x02 0xd8 0x40 0x00 0x10 0x88  NOP;                NOP;                NOP;                          NOP;                          VLDA.SPIL.48 amh0.lo, [sp, #-640];NOP;                                VMAC.48 bm2, ya.s16, r0, c1, r0, wc0.s32, #0, c0, c2
.nohwbrkpt
.noswbrkpt
	  1456    0xf0 0xfb 0x40 0x00 0x10 0x00 0x00 0x61 0x00 0x40 0x00 0xd8 0x40 0x20 0x10 0x84  VLDA.48 aml0.hi, [sp, #-608];NOP;       NOP;                          NOP;                          VMOV aml1, aml0;              NOP;                                    VMAC.48 bm1, ya.s16, r8, c1, r0, wc0.s32, #0, c0, c2
.nohwbrkpt
.noswbrkpt
	  1472    0xf4 0xfa 0xe1 0x41 0x40 0x00 0x00 0x77                                          VLDA.48 amh0.hi, [sp, #-672];                                         NOP;                          VMOV amh1, amh0
.nohwbrkpt
.noswbrkpt
	  1480    0x80 0x00 0x00 0xc3 0xfe 0x60 0x07 0xf7                                                                                  NOP;                                                        VST.SPIL.48 aml3.lo, [sp, #-416];NOP
.nohwbrkpt
.noswbrkpt
	  1488    0x80 0x00 0x00 0xc7 0xfe 0xa0 0x07 0xf7                                                                                  NOP;                                                        VST.SPIL.48 amh3.lo, [sp, #-352];NOP
.nohwbrkpt
.noswbrkpt
	  1496    0x00 0x00 0x00 0x00 0x10 0x00 0x00 0x0d 0x3f 0xe8 0x00 0xd8 0x40 0x20 0x10 0xa0  NOP;                NOP;                NOP;                          NOP;                          VST.SPIL.48 aml3.hi, [sp, #-384];NOP;                                 VMAC.48 bm0, ya.s16, r8, c1, r0, wc1.s32, #0, c0, c2
	  1512    0x00 0x00 0x00 0x00 0x10 0x00 0x00 0x0c 0x70 0xfc 0xc2 0xd8 0x40 0x20 0x10 0x90  NOP;                NOP;                NOP;                          NOP;                          VLDA.SPIL.48 aml3.lo, [sp, #-416];NOP;                                VMAC.48 bm0, yd.s16, r8, c1, r0, wc0.s32, #0, c0, c2
	  1528    0x00 0x00 0x00 0x00 0x10 0x00 0x00 0x0c 0x71 0xfd 0x42 0xd8 0x40 0x20 0x10 0xa0  NOP;                NOP;                NOP;                          NOP;                          VLDA.SPIL.48 amh3.lo, [sp, #-352];NOP;                                VMAC.48 bm0, ya.s16, r8, c1, r0, wc1.s32, #0, c0, c2
	  1544    0x80 0x00 0x00 0xc7 0x4f 0xd0 0x27 0xf7                                                                                  NOP;                                                        VLDA.SPIL.48 aml3.hi, [sp, #-384];NOP
.noswbrkpt
	  1552    0x00 0x00 0x0e 0x88 0x70 0x00 0x00 0x0c 0x75 0xfd 0x82 0x3f                      NOP;                VLDB.UNPACK.s8 xd, [p3], m0, cyc1;NOP;                                          VLDA.SPIL.48 amh3.hi, [sp, #-320];NOP
.nohwbrkpt
.noswbrkpt
	  1564    0x80 0x00 0x00 0xc7 0xa3 0xf0 0x27 0xf7                                                                                  NOP;                                                        VLDA.SPIL wc0, [sp, #-128];   NOP
.nohwbrkpt
.noswbrkpt
	  1572    0x00 0x01                                                                        NOP
.nohwbrkpt
.noswbrkpt
	  1574    0x00 0x00 0x00 0x00 0x10 0x00 0x00 0x0c 0x7a 0x3f 0x82 0xd8 0x40 0x00 0x10 0x9c  NOP;                NOP;                NOP;                          NOP;                          VLDA.SPIL wc0, [sp, #-64];    NOP;                                    VMAC.48 bm3, yd.s16, r0, c1, r0, wc0.s32, #0, c0, c2
.nohwbrkpt
.noswbrkpt
	  1590    0x00 0x00 0x09 0x15 0xb1 0x00 0x3e 0xc2 0x00 0x00 0x85 0x6f                      NOP;                                    NOP;                                                        VMOV wc1, wr2;                NOP;                                    VMAC.48 bm3, ya.s16, r0, c1, r0, wc1.s32, #0, c0, c2
.nohwbrkpt
.noswbrkpt
	  1602    0x05 0x10 0xe0 0x00 0x00 0x00 0x06 0xc2 0x00 0x00 0x85 0xcf                      VLDA.UNPACK.s8 xa, [p3], m0, cyc1;      NOP;                          NOP;                                                        NOP;                                    VMAC.48 bm2, yd.s16, r0, c1, r0, wc1.s32, #0, c0, c2
.nohwbrkpt
.noswbrkpt
	  1614    0x00 0x00 0x0e 0x88 0x70 0x00 0x00 0x40 0x00 0x00 0x00 0xd8 0x40 0x20 0x10 0xb4  NOP;                VLDB.UNPACK.s8 xd, [p3], m0, cyc1;NOP;            NOP;                          NOP;                          NOP;                                    VMAC.48 bm1, yd.s16, r8, c1, r0, wc1.s32, #0, c0, c2
.nohwbrkpt
.noswbrkpt
	  1630    0x80 0x00 0x00 0xec 0xff 0xe0 0x07 0xf7                                                                                  NOP;                                                        VST.SPIL wd0, [sp, #-32];     NOP
.nohwbrkpt
.noswbrkpt
	  1638    0x00 0x00 0x00 0x00 0x10 0x00 0x00 0x0e 0xef 0xf8 0x00 0xd8 0x40 0x00 0x10 0x9c  NOP;                NOP;                NOP;                          NOP;                          VST.SPIL wd1, [sp, #-128];    NOP;                                    VMAC.48 bm3, yd.s16, r0, c1, r0, wc0.s32, #0, c0, c2
.nohwbrkpt
.noswbrkpt
	  1654    0x00 0x00 0x00 0x00 0x10 0x00 0x00 0x0c 0x7a 0xbf 0x42 0xd8 0x40 0x20 0x10 0x90  NOP;                NOP;                NOP;                          NOP;                          VLDA.SPIL wc1, [sp, #-96];    NOP;                                    VMAC.48 bm0, yd.s16, r8, c1, r0, wc0.s32, #0, c0, c2
.nohwbrkpt
.noswbrkpt
	  1670    0x00 0x00 0x00 0x00 0x10 0x00 0x00 0x0c 0x7b 0x3f 0xc2 0xd8 0x40 0x00 0x10 0x88  NOP;                NOP;                NOP;                          NOP;                          VLDA.SPIL wd0, [sp, #-32];    NOP;                                    VMAC.48 bm2, ya.s16, r0, c1, r0, wc0.s32, #0, c0, c2
.nohwbrkpt
.noswbrkpt
	  1686    0x00 0x00 0x00 0x00 0x10 0x00 0x00 0x0c 0x7b 0xbf 0x02 0xd8 0x40 0x20 0x10 0x84  NOP;                NOP;                NOP;                          NOP;                          VLDA.SPIL wd1, [sp, #-128];   NOP;                                    VMAC.48 bm1, ya.s16, r8, c1, r0, wc0.s32, #0, c0, c2
.nohwbrkpt
.noswbrkpt
	  1702    0x00 0x01                                                                        NOP
.nohwbrkpt
.noswbrkpt
	  1704    0x00 0x00 0x0e 0x88 0x70 0x00 0x00 0x40 0x00 0x00 0x00 0xd8 0x40 0x00 0x10 0xbc  NOP;                VLDB.UNPACK.s8 xd, [p3], m0, cyc1;NOP;            NOP;                          NOP;                          NOP;                                    VMAC.48 bm3, yd.s16, r0, c1, r0, wc1.s32, #0, c0, c2
.nohwbrkpt
.noswbrkpt
	  1720    0x80 0x00 0x05 0x84 0x02 0x01 0x0b 0x07                                          NOP;                                    NOP;                                                                                                                              VMAC.48 bm0, yd.s16, r8, c1, r0, wc1.s32, #0, c0, c2
.nohwbrkpt
.noswbrkpt
	  1728    0x00 0x01                                                                        NOP
.nohwbrkpt
.noswbrkpt
	  1730    0x00 0x01                                                                        NOP
.nohwbrkpt
.noswbrkpt
	  1732    0x00 0x01                                                                        NOP
.nohwbrkpt
.noswbrkpt
	  1734    0x80 0x00 0x05 0x84 0x00 0x01 0x0b 0x87                                          NOP;                                    NOP;                                                                                                                              VMAC.48 bm2, yd.s16, r0, c1, r0, wc1.s32, #0, c0, c2
.nohwbrkpt
.noswbrkpt
	  1742    0x80 0x00 0x05 0x84 0x02 0x01 0x0b 0x47                                          NOP;                                    NOP;                                                                                                                              VMAC.48 bm1, yd.s16, r8, c1, r0, wc1.s32, #0, c0, c2
	  1750    0x80 0x00 0x05 0x84 0x00 0x01 0x09 0xc7                                          NOP;                                    NOP;                                                                                                                              VMAC.48 bm3, yd.s16, r0, c1, r0, wc0.s32, #0, c0, c2
	  1758    0x80 0x00 0x05 0x84 0x00 0x01 0x0a 0xc7                                          NOP;                                    NOP;                                                                                                                              VMAC.48 bm3, ya.s16, r0, c1, r0, wc1.s32, #0, c0, c2
	  1766    0x80 0x00 0x05 0x84 0x02 0x01 0x09 0x07                                          NOP;                                    NOP;                                                                                                                              VMAC.48 bm0, yd.s16, r8, c1, r0, wc0.s32, #0, c0, c2
	  1774    0x80 0x00 0x05 0x84 0x02 0x01 0x0a 0x07                                          NOP;                                    NOP;                                                                                                                              VMAC.48 bm0, ya.s16, r8, c1, r0, wc1.s32, #0, c0, c2
	  1782    0x83 0x4a 0x40 0x03                                                              NOP;                                    VMOVS.48.SRSB vcl0, bm2, s1
	  1786    0x83 0x2a 0x48 0x03                                                              NOP;                                    VMOVS.48.SRSB vch0, bm1, s1
	  1790    0x00 0x01                                                                        NOP
	  1792    0x83 0x6a 0x00 0x03                                                              NOP;                                    VMOVS.48.SRSB vrl0, bm3, s1
	  1796    0x00 0x01                                                                        NOP
	  1798    0x00 0x00 0x01 0x80 0x00 0x30 0xa0 0xb7                                          NOP;                                    VMOVS.48.SRSB vrh0, bm0, s1;  RET lr
.delay_slot
.swstall delay_slot
	  1806    0x00 0x01                                                                        NOP
.delay_slot
	  1808    0x00 0x00 0x3f 0xc8 0x53 0xb0 0x00 0xb7                                          NOP;                                    VST wc0, [p1], m0, cyc0;      MOV.s12 cs2, #-28
.delay_slot
	  1816    0x00 0x00 0x3a 0xc1 0x13 0xa0 0x00 0xb7                                          NOP;                                    VST wr0, [p1], m0, cyc0;      MOV.s12 m2, #-672
.delay_slot
	  1824    0x08 0x94 0x00 0x00 0x02 0xd7 0x88 0x37                                          PADDA [sp], m2;                         ST p3, [p0, cs2];             NOP
.label _Z10filter_macP12input_windowIaEP13output_windowIaE__end last
.label __Z10filter_macP12input_windowIaEP13output_windowIaE___func_end0 last
.delay_slot
	  1832    0xad 0x38 0x90 0x03                                                              NOP;                                    ST p1, [p2, cs2]

.undef global data ZERO

.text_segment_name
.text global 10 _main
.label _main___func_begin0
.function_start
	     0    0x31 0x08 0x57 0xc4 0x08 0x50 0x40 0x04 0x0f 0x00 0x00 0x3f                      MOV.s10 m1, #33;    MOV.s9 r7, #32;                                   MOV.s12 m0, #160;             MOV.u20 r12, #buf0;           NOP
	    12    0x08 0x90 0x1d 0xc6 0x28 0x18 0x6c 0x04 0x0f 0xc0 0x00 0x3f                      PADDA [sp], m0;     MOV.s9 r13, #49;                                  MOV.s12 r6, #48;              MOV.u20 r15, #buf1;           NOP
	    24    0x30 0x00 0x11 0xc0 0x0f 0xd6 0x46 0x04 0x02 0x00 0x00 0x3f                      MOV.s10 m0, #0;     MOV.s9 r1, #0;                                    MOV.s12 m3, #-84;             MOV.u20 cl0, #buf0d;          NOP
	    36    0x00 0x00 0x13 0xc0 0x2f 0xbc 0x44 0x0f 0xcf 0xfc 0x84 0x3f                      NOP;                MOV.s9 r3, #1;                                    MOV.s12 m2, #-136;            ST.SPIL r12, [sp, #-56];      NOP
	    48    0x80 0x00 0x00 0xff 0xff 0x94 0x47 0xf7                                                                                  NOP;                                                        ST.SPIL r15, [sp, #-108];     NOP
	    56    0x05 0xe9                                                                        MOV r14, sp
	    58    0x80 0x00 0x00 0xfc 0xff 0xbc 0x47 0xf7                                                                                  NOP;                                                        ST.SPIL r12, [sp, #-68];      NOP
	    66    0x80 0x00 0x00 0xff 0xff 0x88 0x47 0xf7                                                                                  NOP;                                                        ST.SPIL r15, [sp, #-120];     NOP
	    74    0x5b 0xbf 0xf0 0x00 0x00 0x3f 0x50 0xf7                                                                                  ST p6, [sp, #-4];             NOP;                          MOV p0, r14
.noswbrkpt
	    82    0x08 0x86 0x00 0x00 0x10 0x00 0x00 0x0f 0x7f 0xfd 0x84 0x3f                      PADDA [p0], m3;     NOP;                NOP;                                                        ST.SPIL r7, [sp, #-40];       NOP
.nohwbrkpt
.noswbrkpt
	    94    0xa2 0xe5                                                                        MOV p6, p0
	    96    0x08 0x85 0x80 0x00 0x10 0x00 0x00 0x0f 0x6f 0xfa 0x44 0x3f                      PADDA [p6], m2;     NOP;                NOP;                                                        ST.SPIL r6, [sp, #-92];       NOP
	   108    0x80 0x00 0x00 0xfd 0xff 0xa8 0x47 0xf7                                                                                  NOP;                                                        ST.SPIL r13, [sp, #-88];      NOP
	   116    0x80 0x00 0x00 0xe1 0xff 0xdc 0x47 0xf7                                                                                  NOP;                                                        ST.SPIL m1, [sp, #-36];       NOP
	   124    0x80 0x00 0x00 0x40 0xd4 0x00 0x07 0xf7                                                                                  NOP;                                                        MOV.u20 r5, #buf1d;           NOP
	   132    0x80 0x00 0x00 0xd8 0xff 0xcc 0x47 0xf7                                                                                  NOP;                                                        ST.SPIL cl0, [sp, #-52];      NOP
	   140    0x80 0x00 0x00 0xf5 0xff 0x98 0x47 0xf7                                                                                  NOP;                                                        ST.SPIL r5, [sp, #-104];      NOP
	   148    0x80 0x00 0x00 0xd8 0xff 0xc0 0x47 0xf7                                                                                  NOP;                                                        ST.SPIL cl0, [sp, #-64];      NOP
	   156    0x80 0x00 0x00 0xf5 0xff 0x8c 0x47 0xf7                                                                                  NOP;                                                        ST.SPIL r5, [sp, #-116];      NOP
	   164    0xac 0x1a 0x00 0x40 0x01 0x80 0x07 0xf7                                                                                  ST m0, [p0];                                                MOV.u20 ch0, #6144;           NOP
	   172    0xae 0x3a 0x30 0x40 0x20 0x80 0x07 0xf7                                                                                  ST r1, [p6];                                                MOV.u20 cl0, #2048;           NOP
	   180    0x80 0x00 0x00 0xfc 0xff 0xc4 0x47 0xf7                                                                                  NOP;                                                        ST.SPIL r12, [sp, #-60];      NOP
	   188    0x80 0x00 0x00 0xff 0xff 0x90 0x47 0xf7                                                                                  NOP;                                                        ST.SPIL r15, [sp, #-112];     NOP
	   196    0x80 0x00 0x00 0xfc 0xff 0xb8 0x47 0xf7                                                                                  NOP;                                                        ST.SPIL r12, [sp, #-72];      NOP
	   204    0x80 0x00 0x00 0xff 0xff 0x84 0x47 0xf7                                                                                  NOP;                                                        ST.SPIL r15, [sp, #-124];     NOP
	   212    0x80 0x00 0x00 0xd0 0xff 0xd0 0x47 0xf7                                                                                  NOP;                                                        ST.SPIL ch0, [sp, #-48];      NOP
	   220    0x80 0x00 0x00 0xd8 0xff 0x9c 0x47 0xf7                                                                                  NOP;                                                        ST.SPIL cl0, [sp, #-100];     NOP
	   228    0x80 0x00 0x00 0x40 0xb0 0x00 0x07 0xf7                                                                                  NOP;                                                        MOV.u20 p4, #_ZL11sync_buffer;NOP
	   236    0x80 0x00 0x00 0xd0 0xff 0xd4 0x47 0xf7                                                                                  NOP;                                                        ST.SPIL ch0, [sp, #-44];      NOP
	   244    0x80 0x00 0x00 0xd8 0xff 0xa0 0x47 0xf7                                                                                  NOP;                                                        ST.SPIL cl0, [sp, #-96];      NOP
	   252    0x58 0x28 0xc0 0x00 0x01 0x02 0xba 0xf7                                                                                  ST m0, [p4], #4;              NOP;                          MOV r13, lr
	   260    0x00 0x00 0x07 0xa2 0xc8 0x00 0xf4 0x77                                          NOP;                                                                  MOV.s12 r10, #1;              MOV cl3, r10
	   268    0x00 0x00 0x07 0x41 0x08 0x00 0x68 0x77                                          NOP;                                                                  MOV.s12 r4, #0;               MOV ch4, r4
	   276    0x80 0x00 0x00 0xfc 0xff 0xb4 0x47 0xf7                                                                                  NOP;                                                        ST.SPIL r12, [sp, #-76];      NOP
	   284    0x80 0x00 0x00 0xff 0xff 0x80 0x47 0xf7                                                                                  NOP;                                                        ST.SPIL r15, [sp, #-128];     NOP
	   292    0xa0 0x55                                                                        MOV ch5, p0
	   294    0xec 0x35                                                                        MOV ch3, r11
	   296    0x0d 0xe6 0x18 0x03                                                              NOP;                                                                                                MOV cl4, p7
	   300    0x0f 0xa9 0x18 0x03                                                              NOP;                                                                                                MOV cb2, r13
.label TGT_F_main_304
.loop_nesting 1
	   304    0x7b 0xbf 0x00 0x00 0x00 0x00 0x00 0x37                                          LDA r11, [p4], #-4;                     NOP;                          NOP
	   312    0x00 0x01                                                                        NOP
	   314    0x00 0x01                                                                        NOP
	   316    0x00 0x01                                                                        NOP
	   318    0x00 0x01                                                                        NOP
	   320    0x00 0x01                                                                        NOP
	   322    0x00 0x01                                                                        NOP
	   324    0x00 0x01                                                                        NOP
	   326    0x80 0x00 0x00 0x81 0x60 0x20 0x07 0xf7                                                                                  NOP;                                                        BEQZ r11,#TGT_F_main_512;     NOP
.delay_slot
	   334    0x16 0xf5                                                                        MOV p7, ch5
.delay_slot
.swstall delay_slot
	   336    0x00 0x01                                                                        NOP
.delay_slot
.swstall delay_slot
	   338    0x00 0x01                                                                        NOP
.delay_slot
.swstall delay_slot
	   340    0x00 0x01                                                                        NOP
.delay_slot
.swstall delay_slot
	   342    0x00 0x01                                                                        NOP
	   344    0x00 0x00 0x06 0xeb 0x40 0x00 0x00 0x77                                          NOP;                                                                  NOP;                          MOV p5, p6
.label TGT_F_main_352
.loop_nesting 2
	   352    0x14 0x37 0x30 0x03                                                              NOP;                                                                  ACQ r7, #1, r3
	   356    0x00 0x01                                                                        NOP
	   358    0x00 0x01                                                                        NOP
	   360    0x00 0x01                                                                        NOP
	   362    0x14 0x46 0x30 0x03                                                              NOP;                                                                  ACQ r6, #1, r4
.no_stack_arguments
	   366    0x80 0x00 0x00 0xa0 0x20 0x00 0x07 0xf7                                                                                  NOP;                                                        JAL #_Z10filter_macP12input_windowIaEP13output_windowIaE;NOP
.delay_slot
	   374    0xbe 0x85                                                                        MOV p0, p7
.delay_slot
	   376    0xb6 0x95                                                                        MOV p1, p5
.delay_slot
.swstall delay_slot
	   378    0x00 0x01                                                                        NOP
.delay_slot
.swstall delay_slot
	   380    0x00 0x01                                                                        NOP
.delay_slot
.swstall delay_slot
	   382    0x00 0x01                                                                        NOP
.return_address
	   384    0x00 0x01                                                                        NOP
	   386    0x00 0x01                                                                        NOP
	   388    0x00 0x01                                                                        NOP
	   390    0x00 0x01                                                                        NOP
	   392    0x00 0x01                                                                        NOP
	   394    0x00 0x01                                                                        NOP
	   396    0x16 0x47 0x30 0x03                                                              NOP;                                                                  REL r7, #1, r4
	   400    0x00 0x01                                                                        NOP
	   402    0x00 0x01                                                                        NOP
	   404    0x00 0x01                                                                        NOP
	   406    0x16 0x36 0x30 0x03                                                              NOP;                                                                  REL r6, #1, r3
	   410    0x08 0xad 0xde 0xc6 0x28 0x05 0x6b 0x03 0x0f 0x07 0xac 0x1f                      PADDA [p7], #24;    MOV.s9 r14, #49;    PADDS [p5], #24;              MOV.s12 r12, #48;             MOV r0, r10
	   422    0x1e 0xec 0x60 0x40 0xe0 0x00 0x07 0xf7                                                                                                                ITE_EQZ r6, r12, r14, r0;     MOV.u20 r8, #buf0;            NOP
	   430    0x1f 0xf5 0xd0 0x40 0xf0 0x00 0x07 0xf7                                                                                                                ITE_NEZ r13, r5, r15, r0;     MOV.u20 r12, #buf0d;          NOP
	   438    0x00 0x00 0x0f 0x64 0x62 0xfb 0x76 0xb7                                          NOP;                                    ST r13, [p5], #-12;           ITE_EQZ r12, r8, r12, r0
	   446    0x00 0x00 0x1d 0xda 0x42 0xf9 0x77 0xb7                                          NOP;                                    ST r12, [p7], #-12;           LT r8, r4, r11
	   454    0x00 0x00 0x18 0xc5 0xda 0xfb 0x7e 0xb7                                          NOP;                                    ST r13, [p5], #-4;            SUB r11, r11, r8
	   462    0xaf 0x97 0xf8 0x03                                                              NOP;                                    ST r12, [p7], #-4
	   466    0xaf 0xb7 0xa8 0x91 0x60 0x16 0x07 0xf7                                                                                  ST r13, [p5], #-8;                                          BNEZ r11,#TGT_F_main_352;     NOP
.delay_slot
	   474    0xaf 0x97 0xb8 0x03                                                              NOP;                                    ST r12, [p7], #-8
.delay_slot
.swstall delay_slot
	   478    0x00 0x01                                                                        NOP
.delay_slot
.swstall delay_slot
	   480    0x00 0x00 0x00 0x03                                                              NOP;                                                                  NOP
.delay_slot
	   484    0x00 0x00 0x1e 0xc4 0x20 0x00 0x00 0xc6 0x8e 0xb2 0x0e 0x5f                      NOP;                MOV.s9 r14, #33;    NOP;                          SUB r10, r3, r10;             MOV.s8 r9, #32
.delay_slot
	   496    0x00 0x00 0x00 0x00 0x00 0x00 0x00 0x00 0x00 0x00 0x0f 0xcf 0x38 0x00 0x00 0x02  NOP;                NOP;                NOP;                          ITE_NEZ r7, r14, r9, r0;      NOP;                          NOP;                                    NOP
.label TGT_F_main_512
.loop_nesting 1
.swstall chess_separator_scheduler
	   512    0x00 0x01                                                                        NOP
.swstall chess_separator_scheduler
	   514    0x00 0x01                                                                        NOP
.swstall chess_separator_scheduler
	   516    0x00 0x01                                                                        NOP
.swstall chess_separator_scheduler
	   518    0x00 0x01                                                                        NOP
.swstall chess_separator_scheduler
	   520    0x00 0x01                                                                        NOP
.swstall chess_separator_scheduler
	   522    0x00 0x01                                                                        NOP
.swstall chess_separator_scheduler
	   524    0x00 0x01                                                                        NOP
.swstall chess_separator_scheduler
	   526    0x00 0x01                                                                        NOP
	   528    0x04 0x00 0x20 0x03                                                              NOP;                                                                  EVENT #2
.swstall chess_separator_scheduler
	   532    0x00 0x01                                                                        NOP
.swstall chess_separator_scheduler
	   534    0x00 0x01                                                                        NOP
.swstall chess_separator_scheduler
	   536    0x00 0x01                                                                        NOP
.swstall chess_separator_scheduler
	   538    0x00 0x01                                                                        NOP
.swstall chess_separator_scheduler
	   540    0x00 0x01                                                                        NOP
	   542    0x7c 0xa3 0x00 0x00 0x00 0x00 0x00 0x37                                          LDA r12, [p4], #4;                      NOP;                          NOP
	   550    0x00 0x01                                                                        NOP
	   552    0x00 0x01                                                                        NOP
	   554    0x00 0x01                                                                        NOP
	   556    0x00 0x01                                                                        NOP
	   558    0x00 0x01                                                                        NOP
	   560    0x00 0x01                                                                        NOP
	   562    0x00 0x01                                                                        NOP
	   564    0x3a 0xc4 0xc0 0x03                                                              NOP;                                                                  GE r12, r4, r12
	   568    0x80 0x00 0x00 0x91 0x80 0x13 0x07 0xf7                                                                                  NOP;                                                        BNEZ r12,#TGT_F_main_304;     NOP
.delay_slot
.swstall delay_slot
	   576    0x00 0x01                                                                        NOP
.delay_slot
.swstall delay_slot
	   578    0x00 0x01                                                                        NOP
.delay_slot
.swstall delay_slot
	   580    0x00 0x01                                                                        NOP
.delay_slot
.swstall delay_slot
	   582    0x00 0x01                                                                        NOP
.delay_slot
.swstall delay_slot
	   584    0x00 0x01                                                                        NOP
.loop_nesting 0
	   586    0x6e 0xff 0xd0 0xc0 0x00 0x00 0x01 0xf6 0x08 0x05 0x2f 0x1f                      LDA p6, [sp, #-4];  MOV.s9 r0, #0;      NOP;                          MOV.s12 m0, #-160;            MOV r12, cb2
	   598    0x08 0x90 0x04 0x3e 0xc0 0x00 0x00 0x77                                          PADDA [sp], m0;                                                       NOP;                          MOV r11, ch3
	   606    0x2f 0xa5                                                                        MOV r10, cl3
	   608    0x13 0x45                                                                        MOV r4, ch4
	   610    0x32 0xf5                                                                        MOV p7, cl4
	   612    0xc1 0x61                                                                        MOV lr, r12
	   614    0x00 0x01                                                                        NOP
	   616    0x00 0x01                                                                        NOP
	   618    0x00 0x01                                                                        NOP
.end_of_main
	   620    0x01 0x01                                                                        RET lr
.delay_slot
.swstall delay_slot
	   622    0x00 0x01                                                                        NOP
.delay_slot
.swstall delay_slot
	   624    0x00 0x01                                                                        NOP
.delay_slot
.swstall delay_slot
	   626    0x00 0x01                                                                        NOP
.delay_slot
.swstall delay_slot
	   628    0x00 0x01                                                                        NOP
.label _main__end last
.label _main___func_end0 last
.delay_slot
.swstall delay_slot
	   630    0x00 0x01                                                                        NOP

.undef global data main

.undef global data buf0

.undef global data buf0d

.undef global data buf1

.undef global data buf1d

.undef global text _Z10filter_macP12input_windowIaEP13output_windowIaE



.direct_eval +,-,(,)
