
// File generated by darts version R-2021.03#6beb14dd34#220609, Thu Jun  8 01:43:48 2023
// Copyright 2014-2021 Synopsys, Inc. All rights reserved.
// darts -v -I/tools/Xilinx/new/Vitis/2022.2/aietools/data/versal_prod/lib -d -h -I/tools/Xilinx/new/Vitis/2022.2/aietools/include -I/home/siyuangao/CCF2023-NameInvalid/build.xilinx_vck5000_gen4x8_xdma_2_202210_1.hw/. -I/home/siyuangao/CCF2023-NameInvalid/build.xilinx_vck5000_gen4x8_xdma_2_202210_1.hw/./aie_kernels -I/home/siyuangao/CCF2023-NameInvalid/build.xilinx_vck5000_gen4x8_xdma_2_202210_1.hw/home/siyuangao/CCF2023-NameInvalid/data -I/home/siyuangao/CCF2023-NameInvalid/build.xilinx_vck5000_gen4x8_xdma_2_202210_1.hw/home/siyuangao/CCF2023-NameInvalid/src -I/home/siyuangao/CCF2023-NameInvalid/build.xilinx_vck5000_gen4x8_xdma_2_202210_1.hw/tools/Xilinx/new/Vitis/2022.2/aietools/include -I/home/siyuangao/CCF2023-NameInvalid/data -I/home/siyuangao/CCF2023-NameInvalid/src -I/tools/Xilinx/new/Vitis/2022.2/aietools/include -I/tools/Xilinx/new/Vitis/2022.2/aietools/data/versal_prod/lib/runtime_cxx/libcxx-lite/include -I/tools/Xilinx/new/Vitis/2022.2/aietools/data/versal_prod/lib/runtime_cxx/libs/libcxx-9.0.0/include-lite -I/tools/Xilinx/new/Vitis/2022.2/aietools/data/versal_prod/lib/runtime/include -D__AIENGINE__ -D__AIEARCH__=10 -DDEPLOYMENT_ELF=1 -DAIE_OPTION_SCALAR_FLOAT_ON_VECTOR -D__tct_tgt__=220608 -L +Ihex +nanno +u ../Release/24_0 me

// Release: ipp R-2021.03-TGT-220608

.text_segment PM      0
.entry_point
.label __AIE_ARCH_MODEL_VERSION__10022200__inlined__1__me_basic___main_init_
.label _main_init
.function_start
           0    0x4c 0x64 0x02 0x0b                                                              NOP;                                                                                                MOV.u20 sp, #196640
           4    0x40 0x03 0xc0 0x03                                                              NOP;                                                                  MOV.s12 r12, #0
           8    0xca 0x21                                                                        MOV mc0, r12
          10    0xca 0x61                                                                        MOV mc1, r12
          12    0x80 0x00 0x00 0x7f 0xbb 0xff 0xc7 0xf7                                                                                  NOP;                                                        MOV.u20 p6, #1048572;         NOP
          20    0x80 0x00 0x00 0xa0 0x00 0x07 0x07 0xf7                                                                                  NOP;                                                        J #112;                       NOP
.delay_slot
          28    0x80 0x00 0x00 0x40 0xec 0x00 0x07 0xf7                                                                                  NOP;                                                        MOV.u20 r11, #0;              NOP
.delay_slot
          36    0xa2 0xf5                                                                        MOV p7, p0
.delay_slot
          38    0x00 0x00 0x07 0x6e 0x88 0x00 0x78 0x77                                          NOP;                                                                  MOV.s12 r12, #0;              MOV r10, r6
.delay_slot
          46    0xcb 0x21                                                                        MOV md0, r12
.delay_slot
          48    0x00 0x00 0x00 0x00 0x00 0x00 0x00 0x02 0xcb 0x40 0x00 0x00 0x00 0x00 0x00 0x02  NOP;                NOP;                NOP;                          NOP;                          MOV md1, r12;                 NOP;                                    NOP
.label TGT_F_main_init_64
.loop_nesting 1
          64    0x40 0xbf 0x80 0x00 0x00 0x00 0x00 0x37                                          LDA cb0, [p6], #-4;                     NOP;                          NOP
          72    0x00 0x01                                                                        NOP
          74    0x00 0x01                                                                        NOP
          76    0x00 0x01                                                                        NOP
          78    0x00 0x01                                                                        NOP
          80    0x00 0x01                                                                        NOP
          82    0x00 0x01                                                                        NOP
          84    0x00 0x01                                                                        NOP
.no_stack_arguments
          86    0x00 0x41                                                                        JAL cb0
.delay_slot
.swstall delay_slot
          88    0x00 0x01                                                                        NOP
.delay_slot
.swstall delay_slot
          90    0x00 0x01                                                                        NOP
.delay_slot
.swstall delay_slot
          92    0x00 0x01                                                                        NOP
.delay_slot
.swstall delay_slot
          94    0x00 0x01                                                                        NOP
.delay_slot
.swstall delay_slot
          96    0x00 0x00 0x00 0x00 0x00 0x00 0x00 0x00 0x00 0x00 0x00 0x00 0x00 0x00 0x00 0x02  NOP;                NOP;                NOP;                          NOP;                          NOP;                          NOP;                                    NOP
.label __ll1__main_init
.return_address
         112    0x08 0xa3 0x80 0x00 0x00 0x00 0x00 0x37                                          PADDA [p6], #4;                         NOP;                          NOP
         120    0x00 0x01                                                                        NOP
         122    0xbb 0xc5                                                                        MOV r12, p6
         124    0x39 0xbc 0xc0 0x03                                                              NOP;                                                                  NE r12, r12, r11
         128    0x80 0x00 0x00 0x91 0x80 0x04 0x07 0xf7                                                                                  NOP;                                                        BNEZ r12,#64;                 NOP
.delay_slot
         136    0xa0 0x17 0xf0 0x03                                                              NOP;                                    PADDS [p6], #-4
.delay_slot
.swstall delay_slot
         140    0x00 0x01                                                                        NOP
.delay_slot
.swstall delay_slot
         142    0x00 0x01                                                                        NOP
.delay_slot
.swstall delay_slot
         144    0x00 0x01                                                                        NOP
.delay_slot
.swstall delay_slot
         146    0x00 0x01                                                                        NOP
.loop_nesting 0
.no_stack_arguments
         148    0x80 0x00 0x00 0xa0 0x20 0x11 0x07 0xf7                                                                                  NOP;                                                        JAL #272;                     NOP
.delay_slot
         156    0xeb 0x65                                                                        MOV r6, r10
.delay_slot
         158    0xbe 0x85                                                                        MOV p0, p7
.delay_slot
.swstall delay_slot
         160    0x00 0x01                                                                        NOP
.delay_slot
.swstall delay_slot
         162    0x00 0x01                                                                        NOP
.delay_slot
.swstall delay_slot
         164    0x00 0x00 0x00 0x00 0x00 0x00 0x00 0x00 0x00 0x00 0x00 0x1f                      NOP;                NOP;                NOP;                          NOP;                          NOP
.return_address
.no_stack_arguments
         176    0x80 0x00 0x00 0xa0 0x20 0xb8 0x07 0xf7                                                                                  NOP;                                                        JAL #2944;                    NOP
.delay_slot
         184    0x80 0x00 0x00 0x40 0xa0 0x00 0x07 0xf7                                                                                  NOP;                                                        MOV.u20 p0, #0;               NOP
.delay_slot
.swstall delay_slot
         192    0x00 0x01                                                                        NOP
.delay_slot
.swstall delay_slot
         194    0x00 0x01                                                                        NOP
.delay_slot
.swstall delay_slot
         196    0x00 0x00 0x00 0x03                                                              NOP;                                                                  NOP
.delay_slot
.swstall delay_slot
         200    0x00 0x00 0x00 0x00 0x00 0x00 0x00 0x37                                          NOP;                                    NOP;                          NOP
.return_address
.swstall chess_separator_scheduler
         208    0x00 0x01                                                                        NOP
.swstall chess_separator_scheduler
         210    0x00 0x01                                                                        NOP
.swstall chess_separator_scheduler
         212    0x00 0x01                                                                        NOP
.swstall chess_separator_scheduler
         214    0x00 0x01                                                                        NOP
.swstall chess_separator_scheduler
         216    0x00 0x01                                                                        NOP
.swstall chess_separator_scheduler
         218    0x00 0x01                                                                        NOP
.swstall chess_separator_scheduler
         220    0x00 0x01                                                                        NOP
.swstall chess_separator_scheduler
         222    0x00 0x01                                                                        NOP
         224    0x04 0x00 0x20 0x03                                                              NOP;                                                                  EVENT #2
.swstall chess_separator_scheduler
         228    0x00 0x01                                                                        NOP
.swstall chess_separator_scheduler
         230    0x00 0x01                                                                        NOP
.swstall chess_separator_scheduler
         232    0x00 0x01                                                                        NOP
.swstall chess_separator_scheduler
         234    0x00 0x01                                                                        NOP
.swstall chess_separator_scheduler
         236    0x00 0x01                                                                        NOP
.swstall for_chess_exit
.exit
         238    0x00 0x01                                                                        NOP
.label TGT_F_main_init_240
.loop_nesting 1
         240    0x80 0x00 0x00 0xa0 0x00 0x0f 0x07 0xf7                                                                                  NOP;                                                        J #240;                       NOP
.delay_slot
.swstall delay_slot
         248    0x00 0x01                                                                        NOP
.delay_slot
.swstall delay_slot
         250    0x00 0x01                                                                        NOP
.delay_slot
.swstall delay_slot
         252    0x00 0x01                                                                        NOP
.delay_slot
.swstall delay_slot
         254    0x00 0x01                                                                        NOP
.delay_slot
.swstall delay_slot
         256    0x00 0x01                                                                        NOP
.label _main_init__end

.text_segment PM    272
.label _main___func_begin0
.label _main
.function_start
         272    0x31 0x08 0x57 0xc4 0x08 0x50 0x40 0x04 0xdf 0x00 0x00 0x3f                      MOV.s10 m1, #33;    MOV.s9 r7, #32;                                   MOV.s12 m0, #160;             MOV.u20 r12, #212992;         NOP
         284    0x08 0x90 0x1d 0xc6 0x28 0x18 0x6c 0x04 0xff 0xc0 0x00 0x3f                      PADDA [sp], m0;     MOV.s9 r13, #49;                                  MOV.s12 r6, #48;              MOV.u20 r15, #245760;         NOP
         296    0x30 0x00 0x11 0xc0 0x0f 0xd6 0x46 0x04 0xd2 0x20 0x00 0x3f                      MOV.s10 m0, #0;     MOV.s9 r1, #0;                                    MOV.s12 m3, #-84;             MOV.u20 cl0, #221184;         NOP
         308    0x00 0x00 0x13 0xc0 0x2f 0xbc 0x44 0x0f 0xcf 0xfc 0x84 0x3f                      NOP;                MOV.s9 r3, #1;                                    MOV.s12 m2, #-136;            ST.SPIL r12, [sp, #-56];      NOP
         320    0x80 0x00 0x00 0xff 0xff 0x94 0x47 0xf7                                                                                  NOP;                                                        ST.SPIL r15, [sp, #-108];     NOP
         328    0x05 0xe9                                                                        MOV r14, sp
         330    0x80 0x00 0x00 0xfc 0xff 0xbc 0x47 0xf7                                                                                  NOP;                                                        ST.SPIL r12, [sp, #-68];      NOP
         338    0x80 0x00 0x00 0xff 0xff 0x88 0x47 0xf7                                                                                  NOP;                                                        ST.SPIL r15, [sp, #-120];     NOP
         346    0x5b 0xbf 0xf0 0x00 0x00 0x3f 0x50 0xf7                                                                                  ST p6, [sp, #-4];             NOP;                          MOV p0, r14
.noswbrkpt
         354    0x08 0x86 0x00 0x00 0x10 0x00 0x00 0x0f 0x7f 0xfd 0x84 0x3f                      PADDA [p0], m3;     NOP;                NOP;                                                        ST.SPIL r7, [sp, #-40];       NOP
.nohwbrkpt
.noswbrkpt
         366    0xa2 0xe5                                                                        MOV p6, p0
         368    0x08 0x85 0x80 0x00 0x10 0x00 0x00 0x0f 0x6f 0xfa 0x44 0x3f                      PADDA [p6], m2;     NOP;                NOP;                                                        ST.SPIL r6, [sp, #-92];       NOP
         380    0x80 0x00 0x00 0xfd 0xff 0xa8 0x47 0xf7                                                                                  NOP;                                                        ST.SPIL r13, [sp, #-88];      NOP
         388    0x80 0x00 0x00 0xe1 0xff 0xdc 0x47 0xf7                                                                                  NOP;                                                        ST.SPIL m1, [sp, #-36];       NOP
         396    0x80 0x00 0x00 0x4e 0xd4 0x00 0x07 0xf7                                                                                  NOP;                                                        MOV.u20 r5, #229376;          NOP
         404    0x80 0x00 0x00 0xd8 0xff 0xcc 0x47 0xf7                                                                                  NOP;                                                        ST.SPIL cl0, [sp, #-52];      NOP
         412    0x80 0x00 0x00 0xf5 0xff 0x98 0x47 0xf7                                                                                  NOP;                                                        ST.SPIL r5, [sp, #-104];      NOP
         420    0x80 0x00 0x00 0xd8 0xff 0xc0 0x47 0xf7                                                                                  NOP;                                                        ST.SPIL cl0, [sp, #-64];      NOP
         428    0x80 0x00 0x00 0xf5 0xff 0x8c 0x47 0xf7                                                                                  NOP;                                                        ST.SPIL r5, [sp, #-116];      NOP
         436    0xac 0x1a 0x00 0x40 0x01 0x80 0x07 0xf7                                                                                  ST m0, [p0];                                                MOV.u20 ch0, #6144;           NOP
         444    0xae 0x3a 0x30 0x40 0x20 0x80 0x07 0xf7                                                                                  ST r1, [p6];                                                MOV.u20 cl0, #2048;           NOP
         452    0x80 0x00 0x00 0xfc 0xff 0xc4 0x47 0xf7                                                                                  NOP;                                                        ST.SPIL r12, [sp, #-60];      NOP
         460    0x80 0x00 0x00 0xff 0xff 0x90 0x47 0xf7                                                                                  NOP;                                                        ST.SPIL r15, [sp, #-112];     NOP
         468    0x80 0x00 0x00 0xfc 0xff 0xb8 0x47 0xf7                                                                                  NOP;                                                        ST.SPIL r12, [sp, #-72];      NOP
         476    0x80 0x00 0x00 0xff 0xff 0x84 0x47 0xf7                                                                                  NOP;                                                        ST.SPIL r15, [sp, #-124];     NOP
         484    0x80 0x00 0x00 0xd0 0xff 0xd0 0x47 0xf7                                                                                  NOP;                                                        ST.SPIL ch0, [sp, #-48];      NOP
         492    0x80 0x00 0x00 0xd8 0xff 0x9c 0x47 0xf7                                                                                  NOP;                                                        ST.SPIL cl0, [sp, #-100];     NOP
         500    0x80 0x00 0x00 0x4c 0xb0 0x00 0x07 0xf7                                                                                  NOP;                                                        MOV.u20 p4, #196608;          NOP
         508    0x80 0x00 0x00 0xd0 0xff 0xd4 0x47 0xf7                                                                                  NOP;                                                        ST.SPIL ch0, [sp, #-44];      NOP
         516    0x80 0x00 0x00 0xd8 0xff 0xa0 0x47 0xf7                                                                                  NOP;                                                        ST.SPIL cl0, [sp, #-96];      NOP
         524    0x58 0x28 0xc0 0x00 0x01 0x02 0xba 0xf7                                                                                  ST m0, [p4], #4;              NOP;                          MOV r13, lr
         532    0x00 0x00 0x07 0xa2 0xc8 0x00 0xf4 0x77                                          NOP;                                                                  MOV.s12 r10, #1;              MOV cl3, r10
         540    0x00 0x00 0x07 0x41 0x08 0x00 0x68 0x77                                          NOP;                                                                  MOV.s12 r4, #0;               MOV ch4, r4
         548    0x80 0x00 0x00 0xfc 0xff 0xb4 0x47 0xf7                                                                                  NOP;                                                        ST.SPIL r12, [sp, #-76];      NOP
         556    0x80 0x00 0x00 0xff 0xff 0x80 0x47 0xf7                                                                                  NOP;                                                        ST.SPIL r15, [sp, #-128];     NOP
         564    0xa0 0x55                                                                        MOV ch5, p0
         566    0xec 0x35                                                                        MOV ch3, r11
         568    0x0d 0xe6 0x18 0x03                                                              NOP;                                                                                                MOV cl4, p7
         572    0x0f 0xa9 0x18 0x03                                                              NOP;                                                                                                MOV cb2, r13
.label TGT_F_main_304
.loop_nesting 1
         576    0x7b 0xbf 0x00 0x00 0x00 0x00 0x00 0x37                                          LDA r11, [p4], #-4;                     NOP;                          NOP
         584    0x00 0x01                                                                        NOP
         586    0x00 0x01                                                                        NOP
         588    0x00 0x01                                                                        NOP
         590    0x00 0x01                                                                        NOP
         592    0x00 0x01                                                                        NOP
         594    0x00 0x01                                                                        NOP
         596    0x00 0x01                                                                        NOP
         598    0x80 0x00 0x00 0x81 0x60 0x31 0x07 0xf7                                                                                  NOP;                                                        BEQZ r11,#784;                NOP
.delay_slot
         606    0x16 0xf5                                                                        MOV p7, ch5
.delay_slot
.swstall delay_slot
         608    0x00 0x01                                                                        NOP
.delay_slot
.swstall delay_slot
         610    0x00 0x01                                                                        NOP
.delay_slot
.swstall delay_slot
         612    0x00 0x01                                                                        NOP
.delay_slot
.swstall delay_slot
         614    0x00 0x01                                                                        NOP
         616    0x00 0x00 0x06 0xeb 0x40 0x00 0x00 0x77                                          NOP;                                                                  NOP;                          MOV p5, p6
.label TGT_F_main_352
.loop_nesting 2
         624    0x14 0x37 0x30 0x03                                                              NOP;                                                                  ACQ r7, #1, r3
         628    0x00 0x01                                                                        NOP
         630    0x00 0x01                                                                        NOP
         632    0x00 0x01                                                                        NOP
         634    0x14 0x46 0x30 0x03                                                              NOP;                                                                  ACQ r6, #1, r4
.no_stack_arguments
         638    0x80 0x00 0x00 0xa0 0x20 0x39 0x07 0xf7                                                                                  NOP;                                                        JAL #912;                     NOP
.delay_slot
         646    0xbe 0x85                                                                        MOV p0, p7
.delay_slot
         648    0xb6 0x95                                                                        MOV p1, p5
.delay_slot
.swstall delay_slot
         650    0x00 0x01                                                                        NOP
.delay_slot
.swstall delay_slot
         652    0x00 0x01                                                                        NOP
.delay_slot
.swstall delay_slot
         654    0x00 0x01                                                                        NOP
.return_address
         656    0x00 0x01                                                                        NOP
         658    0x00 0x01                                                                        NOP
         660    0x00 0x01                                                                        NOP
         662    0x00 0x01                                                                        NOP
         664    0x00 0x01                                                                        NOP
         666    0x00 0x01                                                                        NOP
         668    0x16 0x47 0x30 0x03                                                              NOP;                                                                  REL r7, #1, r4
         672    0x00 0x01                                                                        NOP
         674    0x00 0x01                                                                        NOP
         676    0x00 0x01                                                                        NOP
         678    0x16 0x36 0x30 0x03                                                              NOP;                                                                  REL r6, #1, r3
         682    0x08 0xad 0xde 0xc6 0x28 0x05 0x6b 0x03 0x0f 0x07 0xac 0x1f                      PADDA [p7], #24;    MOV.s9 r14, #49;    PADDS [p5], #24;              MOV.s12 r12, #48;             MOV r0, r10
         694    0x1e 0xec 0x60 0x4d 0xe0 0x00 0x07 0xf7                                                                                                                ITE_EQZ r6, r12, r14, r0;     MOV.u20 r8, #212992;          NOP
         702    0x1f 0xf5 0xd0 0x4d 0xf2 0x00 0x07 0xf7                                                                                                                ITE_NEZ r13, r5, r15, r0;     MOV.u20 r12, #221184;         NOP
         710    0x00 0x00 0x0f 0x64 0x62 0xfb 0x76 0xb7                                          NOP;                                    ST r13, [p5], #-12;           ITE_EQZ r12, r8, r12, r0
         718    0x00 0x00 0x1d 0xda 0x42 0xf9 0x77 0xb7                                          NOP;                                    ST r12, [p7], #-12;           LT r8, r4, r11
         726    0x00 0x00 0x18 0xc5 0xda 0xfb 0x7e 0xb7                                          NOP;                                    ST r13, [p5], #-4;            SUB r11, r11, r8
         734    0xaf 0x97 0xf8 0x03                                                              NOP;                                    ST r12, [p7], #-4
         738    0xaf 0xb7 0xa8 0x91 0x60 0x27 0x07 0xf7                                                                                  ST r13, [p5], #-8;                                          BNEZ r11,#624;                NOP
.delay_slot
         746    0xaf 0x97 0xb8 0x03                                                              NOP;                                    ST r12, [p7], #-8
.delay_slot
.swstall delay_slot
         750    0x00 0x01                                                                        NOP
.delay_slot
.swstall delay_slot
         752    0x00 0x00 0x00 0x03                                                              NOP;                                                                  NOP
.delay_slot
         756    0x00 0x00 0x1e 0xc4 0x20 0x00 0x00 0xc6 0x8e 0xb2 0x0e 0x5f                      NOP;                MOV.s9 r14, #33;    NOP;                          SUB r10, r3, r10;             MOV.s8 r9, #32
.delay_slot
         768    0x00 0x00 0x00 0x00 0x00 0x00 0x00 0x00 0x00 0x00 0x0f 0xcf 0x38 0x00 0x00 0x02  NOP;                NOP;                NOP;                          ITE_NEZ r7, r14, r9, r0;      NOP;                          NOP;                                    NOP
.label TGT_F_main_512
.loop_nesting 1
.swstall chess_separator_scheduler
         784    0x00 0x01                                                                        NOP
.swstall chess_separator_scheduler
         786    0x00 0x01                                                                        NOP
.swstall chess_separator_scheduler
         788    0x00 0x01                                                                        NOP
.swstall chess_separator_scheduler
         790    0x00 0x01                                                                        NOP
.swstall chess_separator_scheduler
         792    0x00 0x01                                                                        NOP
.swstall chess_separator_scheduler
         794    0x00 0x01                                                                        NOP
.swstall chess_separator_scheduler
         796    0x00 0x01                                                                        NOP
.swstall chess_separator_scheduler
         798    0x00 0x01                                                                        NOP
         800    0x04 0x00 0x20 0x03                                                              NOP;                                                                  EVENT #2
.swstall chess_separator_scheduler
         804    0x00 0x01                                                                        NOP
.swstall chess_separator_scheduler
         806    0x00 0x01                                                                        NOP
.swstall chess_separator_scheduler
         808    0x00 0x01                                                                        NOP
.swstall chess_separator_scheduler
         810    0x00 0x01                                                                        NOP
.swstall chess_separator_scheduler
         812    0x00 0x01                                                                        NOP
         814    0x7c 0xa3 0x00 0x00 0x00 0x00 0x00 0x37                                          LDA r12, [p4], #4;                      NOP;                          NOP
         822    0x00 0x01                                                                        NOP
         824    0x00 0x01                                                                        NOP
         826    0x00 0x01                                                                        NOP
         828    0x00 0x01                                                                        NOP
         830    0x00 0x01                                                                        NOP
         832    0x00 0x01                                                                        NOP
         834    0x00 0x01                                                                        NOP
         836    0x3a 0xc4 0xc0 0x03                                                              NOP;                                                                  GE r12, r4, r12
         840    0x80 0x00 0x00 0x91 0x80 0x24 0x07 0xf7                                                                                  NOP;                                                        BNEZ r12,#576;                NOP
.delay_slot
.swstall delay_slot
         848    0x00 0x01                                                                        NOP
.delay_slot
.swstall delay_slot
         850    0x00 0x01                                                                        NOP
.delay_slot
.swstall delay_slot
         852    0x00 0x01                                                                        NOP
.delay_slot
.swstall delay_slot
         854    0x00 0x01                                                                        NOP
.delay_slot
.swstall delay_slot
         856    0x00 0x01                                                                        NOP
.loop_nesting 0
         858    0x6e 0xff 0xd0 0xc0 0x00 0x00 0x01 0xf6 0x08 0x05 0x2f 0x1f                      LDA p6, [sp, #-4];  MOV.s9 r0, #0;      NOP;                          MOV.s12 m0, #-160;            MOV r12, cb2
         870    0x08 0x90 0x04 0x3e 0xc0 0x00 0x00 0x77                                          PADDA [sp], m0;                                                       NOP;                          MOV r11, ch3
         878    0x2f 0xa5                                                                        MOV r10, cl3
         880    0x13 0x45                                                                        MOV r4, ch4
         882    0x32 0xf5                                                                        MOV p7, cl4
         884    0xc1 0x61                                                                        MOV lr, r12
         886    0x00 0x01                                                                        NOP
         888    0x00 0x01                                                                        NOP
         890    0x00 0x01                                                                        NOP
.end_of_main
         892    0x01 0x01                                                                        RET lr
.delay_slot
.swstall delay_slot
         894    0x00 0x01                                                                        NOP
.delay_slot
.swstall delay_slot
         896    0x00 0x01                                                                        NOP
.delay_slot
.swstall delay_slot
         898    0x00 0x01                                                                        NOP
.delay_slot
.swstall delay_slot
         900    0x00 0x01                                                                        NOP
.delay_slot
.swstall delay_slot
         902    0x00 0x01                                                                        NOP
.label _main__end
.label _main___func_end0

.text_segment PM    912
.label __Z10filter_macP12input_windowIaEP13output_windowIaE___func_begin0
.label _Z10filter_macP12input_windowIaEP13output_windowIaE
.function_start
         912    0x30 0x08 0x10 0xc0 0x14 0x02 0x90 0x04 0xca 0x88 0x00 0x3f                      MOV.s10 m0, #32;    MOV.s9 r0, #0;      PADDS [p0], #8;                                             MOV.u20 p2, #198656;          NOP
         924    0x0a 0xd0 0x98 0xc2 0x09 0x50 0x42 0x04 0x02 0x80 0x00 0x80 0x00 0x04 0x20 0x00  VLDA wr2, [p2];     MOV.s9 r8, #16;     NOP;                          MOV.s12 m1, #672;             MOV.u20 cl2, #0;              NOP;                                    VSHLV.32 wc0, r0;NOP
         940    0x08 0x92 0x27 0xd4 0x08 0x03 0xf2 0x00 0x12 0x80 0x01 0x3f                      PADDA [sp], m1;     LDB p3, [p0], #16;                                MOV.s12 r9, #7;               MOVT.s12 cl2, #1;             NOP
         952    0x41 0xa6 0x11 0xc1 0x08 0x00 0xe4 0x07 0x20 0x7a 0x98 0x3f                      LDA cb1, [p0], #12; MOV.s9 r1, #8;                                    MOV.s12 r2, #1;               MOV.u20 ch1, #834200;         NOP
         964    0x49 0xd0 0x1e 0xc0 0x45 0x00 0x40 0x00 0x10 0x4f 0xed 0x80 0x00 0x04 0xe0 0x00  LDA cs1, [p0];      MOV.s9 r14, #2;     NOP;                          ADD.NRM s0, r2, #0;           MOVT.s12 ch1, #-19;           NOP;                                    VSHLV.32 wc1, r1;NOP
         980    0x39 0x01 0x1c 0xc0 0x77 0x6b 0xfd 0x05 0x02 0x72 0x10 0x80 0x00 0x05 0x60 0x00  MOV.s10 r1, #4;     MOV.s9 r12, #3;     VST wc1, [sp, #-96];          NOP;                          MOV.u20 cl1, #274960;         NOP;                                    VSHLV.32 wc1, r2;NOP
         996    0x08 0xac 0x5d 0xc0 0xb7 0x6b 0xfa 0x00 0x12 0x47 0x65 0x3f                      PADDA [p1], #24;    MOV.s9 r13, #5;     VST wc1, [sp, #-192];                                       MOVT.s12 cl1, #1893;          NOP
        1008    0x24 0x0e 0xc7 0x00 0x07 0x63 0xfb 0x80 0x37 0x3e 0x94 0x7f                      MOV.s10 lc, #59;                        VST wc0, [sp, #-160];         MOV.s12 r9, #6;               MOV ch0, r0;                  VSHL1.32 wd1, r9
        1020    0x40 0xa6 0x66 0x57 0x07 0x7b 0xfe 0x80 0x07 0x2e 0x94 0x7f                      LDA cb0, [p1], #12;                     VST wd1, [sp, #-64];          MOV.s12 r9, #0;               VMOV vdl0, vrh2;              VSHL1.32 wr3, r9
        1032    0x6b 0x3f 0xf5 0x02 0x42 0x20 0x04 0xf7                                                                                  VST vdl0, [sp, #-16];         ADD.ILV.64 s1, r2, #0;        MOV ch2, ch0
.noswbrkpt
        1040    0x48 0xb2 0x44 0x22 0x00 0x00 0x00 0x77                                          LDA cs0, [p1], #-28;                                                  NOP;                          MOV cl0, ch2
.nohwbrkpt
.noswbrkpt
        1048    0x69 0xd0 0x46 0x9a 0x80 0x00 0x00 0x77                                          LDA p1, [p1];                                                         NOP;                          MOV p2, p1
        1056    0x80 0x00 0x00 0x40 0x6c 0x8f 0x07 0xf7                                                                                  NOP;                                                        MOV.u20 le, #2288;            NOP
        1064    0x05 0x10 0xc0 0x00 0x10 0x00 0x00 0x04 0x06 0x07 0x20 0x3f                      VLDA.UNPACK.s8 xa, [p3], m0, cyc1;NOP;  NOP;                                                        MOV.u20 ls, #1824;            NOP
        1076    0x00 0x01                                                                        NOP
.noswbrkpt
        1078    0x1d 0x10 0xf8 0x03                                                              NOP;                VLDB.UNPACK.s8 xd, [p3], m0, cyc1
.nohwbrkpt
.noswbrkpt
        1082    0x00 0x01                                                                        NOP
.nohwbrkpt
.noswbrkpt
        1084    0x0d 0x10 0xc0 0x00 0x00 0x00 0x00 0x37                                          VLDA.UNPACK.s8 xb, [p3], m0, cyc1;      NOP;                          NOP
.nohwbrkpt
.noswbrkpt
        1092    0x00 0x01                                                                        NOP
.nohwbrkpt
.noswbrkpt
        1094    0x00 0x01                                                                        NOP
.nohwbrkpt
.noswbrkpt
        1096    0x74 0xbf 0x99 0x15 0x31 0x00 0x3e 0x02 0x01 0x00 0x84 0xaf                      NOP;                                    VST wr1, [sp, #-224];                                       VMOV wr1, wr2;                NOP;                                    VMAC.48.UPSB bm1, vdl0, s0, ya.s16, r8, c1, r0, wc0.s32, #0, c0, c2
.nohwbrkpt
.noswbrkpt
        1108    0x74 0x3f 0xc0 0x00 0x01 0x23 0xa2 0xf7                                                                                  VST wr0, [sp, #-128];         NOP;                          VMOV wr0, wr3
.noswbrkpt
        1116    0x05 0x10 0xc0 0x00 0x10 0x00 0x00 0x0e 0xef 0xea 0x00 0xd8 0x40 0x20 0x10 0xb4  VLDA.UNPACK.s8 xa, [p3], m0, cyc1;NOP;  NOP;                          NOP;                          VST.SPIL wd1, [sp, #-352];    NOP;                                    VMAC.48 bm1, yd.s16, r8, c1, r0, wc1.s32, #0, c0, c2
.nohwbrkpt
.noswbrkpt
        1132    0x80 0x00 0x00 0xc7 0xbb 0xd4 0x27 0xf7                                                                                  NOP;                                                        VLDA.SPIL wd1, [sp, #-352];   NOP
.nohwbrkpt
.noswbrkpt
        1140    0x75 0xbf 0x60 0x00 0x01 0x21 0xae 0xf7                                                                                  VST wr3, [sp, #-320];         NOP;                          VMOV wr3, wr1
.nohwbrkpt
.noswbrkpt
        1148    0x75 0x3f 0x70 0x00 0x01 0x20 0xaa 0xf7                                                                                  VST wr2, [sp, #-288];         NOP;                          VMOV wr2, wr0
        1156    0x80 0x00 0x00 0xec 0xff 0x00 0x07 0xf7                                                                                  NOP;                                                        VST.SPIL wd0, [sp, #-256];    NOP
        1164    0x80 0x00 0x00 0xcf 0x33 0xfe 0x27 0xf7                                                                                  NOP;                                                        VLDA.SPIL vdl0, [sp, #-16];   NOP
.noswbrkpt
        1172    0x80 0x00 0x00 0xc7 0x8b 0xe4 0x27 0xf7                                                                                  NOP;                                                        VLDA.SPIL wr1, [sp, #-224];   NOP
.nohwbrkpt
.noswbrkpt
        1180    0x80 0x00 0x00 0xc7 0x83 0xf0 0x27 0xf7                                                                                  NOP;                                                        VLDA.SPIL wr0, [sp, #-128];   NOP
.nohwbrkpt
.noswbrkpt
        1188    0x80 0x00 0x00 0xc7 0x8b 0xd8 0x27 0xf7                                                                                  NOP;                                                        VLDA.SPIL wr1, [sp, #-320];   NOP
.nohwbrkpt
.noswbrkpt
        1196    0x80 0x00 0x00 0xc7 0xb3 0xe0 0x27 0xf7                                                                                  NOP;                                                        VLDA.SPIL wd0, [sp, #-256];   NOP
.nohwbrkpt
.noswbrkpt
        1204    0x00 0x00 0x0e 0x88 0x70 0x00 0x00 0x0c 0x78 0x3d 0xc2 0x3f                      NOP;                VLDB.UNPACK.s8 xd, [p3], m0, cyc1;NOP;                                          VLDA.SPIL wr0, [sp, #-288];   NOP
.nohwbrkpt
.noswbrkpt
        1216    0x00 0x00 0x00 0x00 0x10 0x00 0x00 0x0e 0x2f 0xe6 0x00 0xc0 0x40 0x20 0x10 0x90  NOP;                NOP;                NOP;                          NOP;                          VST.SPIL wr1, [sp, #-416];    NOP;                                    VMAC.48.UPSB bm0, vdl0, s0, ya.s16, r8, c1, r0, wc0.s32, #0, c0, c2
.nohwbrkpt
.noswbrkpt
        1232    0x74 0x3f 0x49 0x1d 0xd1 0x00 0x3e 0x02 0x00 0x00 0x84 0xef                      NOP;                                    VST wr0, [sp, #-384];                                       VMOV wd0, wr3;                NOP;                                    VMAC.48.UPSB bm3, vdl0, s0, ya.s16, r0, c1, r0, wc0.s32, #0, c0, c2
.nohwbrkpt
.noswbrkpt
        1244    0x80 0x00 0x00 0xc7 0x8b 0xcc 0x27 0xf7                                                                                  NOP;                                                        VLDA.SPIL wr1, [sp, #-416];   NOP
.nohwbrkpt
.noswbrkpt
        1252    0x02 0xfd 0x00 0x00 0x10 0x00 0x00 0x69 0xe2 0x00 0x00 0xc0 0x40 0x00 0x10 0x98  VLDA wr0, [sp, #-384];NOP;              NOP;                          NOP;                          VSHL0.32 wc0, r14;            NOP;                                    VMAC.48.UPSB bm2, vdl0, s0, ya.s16, r0, c1, r0, wc0.s32, #0, c0, c2
.nohwbrkpt
.noswbrkpt
        1268    0x80 0x00 0x00 0xe8 0xfe 0xe0 0x07 0xf7                                                                                  NOP;                                                        VST.SPIL wc0, [sp, #-288];    NOP
.nohwbrkpt
.noswbrkpt
        1276    0x05 0x10 0xe0 0x00 0x00 0x00 0x06 0xc2 0x00 0x00 0x85 0xcf                      VLDA.UNPACK.s8 xa, [p3], m0, cyc1;      NOP;                          NOP;                                                        NOP;                                    VMAC.48 bm2, yd.s16, r0, c1, r0, wc1.s32, #0, c0, c2
.nohwbrkpt
.noswbrkpt
        1288    0x80 0x00 0x05 0x84 0x02 0x01 0x0b 0x07                                          NOP;                                    NOP;                                                                                                                              VMAC.48 bm0, yd.s16, r8, c1, r0, wc1.s32, #0, c0, c2
.nohwbrkpt
.noswbrkpt
        1296    0x80 0x00 0x05 0x84 0x02 0x01 0x08 0x47                                          NOP;                                    NOP;                                                                                                                              VMAC.48 bm1, ya.s16, r8, c1, r0, wc0.s32, #0, c0, c2
.nohwbrkpt
.noswbrkpt
        1304    0x80 0x00 0x05 0x84 0x00 0x01 0x08 0x87                                          NOP;                                    NOP;                                                                                                                              VMAC.48 bm2, ya.s16, r0, c1, r0, wc0.s32, #0, c0, c2
.nohwbrkpt
.noswbrkpt
        1312    0x00 0x00 0x0a 0x70 0xa1 0x00 0x3e 0xc2 0x00 0x00 0x85 0xef                      NOP;                                    NOP;                                                        VSHL0.32 wc1, r12;            NOP;                                    VMAC.48 bm3, yd.s16, r0, c1, r0, wc1.s32, #0, c0, c2
.nohwbrkpt
.noswbrkpt
        1324    0x00 0x00 0x00 0x00 0x10 0x00 0x00 0x0e 0xaf 0xf0 0x00 0xd8 0x40 0x20 0x10 0xa4  NOP;                NOP;                NOP;                          NOP;                          VST.SPIL wc1, [sp, #-256];    NOP;                                    VMAC.48 bm1, ya.s16, r8, c1, r0, wc1.s32, #0, c0, c2
.nohwbrkpt
.noswbrkpt
        1340    0x12 0xfe 0x02 0x88 0x70 0x00 0x00 0x69 0x12 0x80 0x00 0xd8 0x40 0x00 0x10 0xa8  VLDA wc0, [sp, #-256];VLDB.UNPACK.s8 xa, [p3], m0, cyc1;NOP;          NOP;                          VSHL0.32 wc1, r1;             NOP;                                    VMAC.48 bm2, ya.s16, r0, c1, r0, wc1.s32, #0, c0, c2
.nohwbrkpt
.noswbrkpt
        1356    0x00 0x00 0x0e 0x88 0x70 0x00 0x00 0x0e 0xaf 0xf2 0x00 0xd8 0x40 0x00 0x10 0x8c  NOP;                VLDB.UNPACK.s8 xd, [p3], m0, cyc1;NOP;            NOP;                          VST.SPIL wc1, [sp, #-224];    NOP;                                    VMAC.48 bm3, ya.s16, r0, c1, r0, wc0.s32, #0, c0, c2
.nohwbrkpt
.noswbrkpt
        1372    0x00 0x00 0x00 0x00 0x10 0x00 0x00 0x0c 0x7a 0xbe 0xc2 0xd8 0x40 0x20 0x10 0x80  NOP;                NOP;                NOP;                          NOP;                          VLDA.SPIL wc1, [sp, #-160];   NOP;                                    VMAC.48 bm0, ya.s16, r8, c1, r0, wc0.s32, #0, c0, c2
.nohwbrkpt
.noswbrkpt
        1388    0x80 0x00 0x05 0x84 0x02 0x01 0x0b 0x47                                          NOP;                                    NOP;                                                                                                                              VMAC.48 bm1, yd.s16, r8, c1, r0, wc1.s32, #0, c0, c2
.nohwbrkpt
.noswbrkpt
        1396    0x00 0x00 0x0a 0x74 0xa1 0x00 0x3e 0xc2 0x00 0x00 0x85 0xcf                      NOP;                                    NOP;                                                        VSHL0.32 wc1, r13;            NOP;                                    VMAC.48 bm2, yd.s16, r0, c1, r0, wc1.s32, #0, c0, c2
.nohwbrkpt
.noswbrkpt
        1408    0x00 0x00 0x00 0x00 0x10 0x00 0x00 0x0e 0xaf 0xf8 0x00 0xd8 0x40 0x20 0x10 0xa4  NOP;                NOP;                NOP;                          NOP;                          VST.SPIL wc1, [sp, #-128];    NOP;                                    VMAC.48 bm1, ya.s16, r8, c1, r0, wc1.s32, #0, c0, c2
.nohwbrkpt
.noswbrkpt
        1424    0x80 0x00 0x05 0x84 0x00 0x01 0x0a 0x87                                          NOP;                                    NOP;                                                                                                                              VMAC.48 bm2, ya.s16, r0, c1, r0, wc1.s32, #0, c0, c2
        1432    0x00 0x00 0x00 0x00 0x10 0x00 0x00 0x0d 0x3f 0xe8 0x00 0xd8 0x40 0x20 0x10 0x80  NOP;                NOP;                NOP;                          NOP;                          VST.SPIL.48 aml3.hi, [sp, #-384];NOP;                                 VMAC.48 bm0, ya.s16, r8, c1, r0, wc0.s32, #0, c0, c2
        1448    0x80 0x00 0x00 0xc3 0xfe 0x60 0x07 0xf7                                                                                  NOP;                                                        VST.SPIL.48 aml3.lo, [sp, #-416];NOP
.noswbrkpt
        1456    0x80 0x00 0x00 0xc7 0x0f 0xcc 0x27 0xf7                                                                                  NOP;                                                        VLDA.SPIL.48 aml3.lo, [sp, #-416];NOP
.nohwbrkpt
.noswbrkpt
        1464    0x80 0x00 0x00 0xc7 0x4f 0xd0 0x27 0xf7                                                                                  NOP;                                                        VLDA.SPIL.48 aml3.hi, [sp, #-384];NOP
.nohwbrkpt
.noswbrkpt
        1472    0x80 0x00 0x00 0xc7 0xfe 0xa0 0x07 0xf7                                                                                  NOP;                                                        VST.SPIL.48 amh3.lo, [sp, #-352];NOP
.nohwbrkpt
.noswbrkpt
        1480    0x80 0x00 0x00 0xc7 0x1f 0xd4 0x27 0xf7                                                                                  NOP;                                                        VLDA.SPIL.48 amh3.lo, [sp, #-352];NOP
.nohwbrkpt
.noswbrkpt
        1488    0x80 0x00 0x00 0xee 0xfe 0xa0 0x07 0xf7                                                                                  NOP;                                                        VST.SPIL wd1, [sp, #-352];    NOP
.nohwbrkpt
.noswbrkpt
        1496    0x80 0x00 0x00 0xc7 0xbb 0xd4 0x27 0xf7                                                                                  NOP;                                                        VLDA.SPIL wd1, [sp, #-352];   NOP
.nohwbrkpt
.noswbrkpt
        1504    0x80 0x00 0x00 0xc7 0xa3 0xe8 0x27 0xf7                                                                                  NOP;                                                        VLDA.SPIL wc0, [sp, #-192];   NOP
.nohwbrkpt
.noswbrkpt
        1512    0x80 0x00 0x00 0xd7 0xfe 0xc0 0x07 0xf7                                                                                  NOP;                                                        VST.SPIL.48 amh3.hi, [sp, #-320];NOP
.nohwbrkpt
.noswbrkpt
        1520    0x80 0x00 0x00 0xc7 0x5f 0xd8 0x27 0xf7                                                                                  NOP;                                                        VLDA.SPIL.48 amh3.hi, [sp, #-320];NOP
.nohwbrkpt
.noswbrkpt
        1528    0x80 0x00 0x00 0xec 0xfe 0xc0 0x07 0xf7                                                                                  NOP;                                                        VST.SPIL wd0, [sp, #-320];    NOP
.nohwbrkpt
.noswbrkpt
        1536    0x80 0x00 0x00 0xcf 0x33 0xfe 0x27 0xf7                                                                                  NOP;                                                        VLDA.SPIL vdl0, [sp, #-16];   NOP
.nohwbrkpt
.noswbrkpt
        1544    0x80 0x00 0x05 0x84 0x02 0x41 0x08 0xc7                                          NOP;                                    NOP;                                                                                                                              VMAC.48 bm3, ya.s16, r9, c1, r0, wc0.s32, #0, c0, c2
        1552    0x00 0x01                                                                        NOP
.noswbrkpt
        1554    0x80 0x00 0x00 0xc7 0xb3 0xd8 0x27 0xf7                                                                                  NOP;                                                        VLDA.SPIL wd0, [sp, #-320];   NOP
.nohwbrkpt
.noswbrkpt
        1562    0x80 0x00 0x00 0xc7 0xbb 0xd4 0x27 0xf7                                                                                  NOP;                                                        VLDA.SPIL wd1, [sp, #-352];   NOP
.nohwbrkpt
.noswbrkpt
        1570    0x00 0x01                                                                        NOP
.nohwbrkpt
.noswbrkpt
        1572    0x00 0x01                                                                        NOP
.nohwbrkpt
.noswbrkpt
        1574    0x80 0x00 0x00 0xd7 0xfd 0xe0 0x07 0xf7                                                                                  NOP;                                                        VST.SPIL.48 amh3.hi, [sp, #-544];NOP
.nohwbrkpt
.noswbrkpt
        1582    0x00 0x00 0x00 0x00 0x10 0x00 0x00 0x0c 0x7f 0xe0 0x00 0xc0 0x40 0x20 0x10 0xbc  NOP;                NOP;                NOP;                          NOP;                          VST.SPIL.48 amh3.lo, [sp, #-512];NOP;                                 VMAC.48.UPSB bm3, vdl0, s0, ya.s16, r8, c1, r0, wc1.s32, #0, c0, c2
.nohwbrkpt
.noswbrkpt
        1598    0x80 0x00 0x00 0xd3 0xfe 0x20 0x07 0xf7                                                                                  NOP;                                                        VST.SPIL.48 aml3.hi, [sp, #-480];NOP
.nohwbrkpt
.noswbrkpt
        1606    0x78 0xff 0x29 0x1d 0xd1 0x00 0x3e 0xc2 0x01 0x00 0x84 0xef                      NOP;                                    VST.48 aml3.lo, [sp, #-448];                                VMOV wd0, wr3;                NOP;                                    VMAC.48 bm3, yd.s16, r8, c1, r0, wc0.s32, #0, c0, c2
.noswbrkpt
        1618    0x80 0x00 0x00 0xc7 0xb3 0xd8 0x27 0xf7                                                                                  NOP;                                                        VLDA.SPIL wd0, [sp, #-320];   NOP
.nohwbrkpt
.noswbrkpt
        1626    0x80 0x00 0x00 0xc7 0xab 0xdc 0x27 0xf7                                                                                  NOP;                                                        VLDA.SPIL wc1, [sp, #-288];   NOP
.nohwbrkpt
.noswbrkpt
        1634    0x00 0x01                                                                        NOP
.nohwbrkpt
.noswbrkpt
        1636    0x00 0x00 0x02 0x88 0x70 0x00 0x00 0x0c 0x7a 0x3f 0x82 0x3f                      NOP;                VLDB.UNPACK.s8 xa, [p3], m0, cyc1;NOP;                                          VLDA.SPIL wc0, [sp, #-64];    NOP
.nohwbrkpt
.noswbrkpt
        1648    0x00 0x01                                                                        NOP
.nohwbrkpt
.noswbrkpt
        1650    0x00 0x00 0x00 0x00 0x10 0x00 0x00 0x0c 0x7a 0x3f 0x42 0xc0 0x40 0x00 0x10 0xbc  NOP;                NOP;                NOP;                          NOP;                          VLDA.SPIL wc0, [sp, #-96];    NOP;                                    VMAC.48.UPSB bm3, vdl0, s0, ya.s16, r0, c1, r0, wc1.s32, #0, c0, c2
.nohwbrkpt
.noswbrkpt
        1666    0x80 0x00 0x00 0xd7 0xfd 0x60 0x07 0xf7                                                                                  NOP;                                                        VST.SPIL.48 amh3.hi, [sp, #-672];NOP
.nohwbrkpt
.noswbrkpt
        1674    0x79 0xfe 0xc9 0x15 0x91 0x00 0x3e 0xc2 0x00 0x00 0x84 0xef                      NOP;                                    VST.48 amh3.lo, [sp, #-640];                                VMOV wc0, wr2;                NOP;                                    VMAC.48 bm3, yd.s16, r0, c1, r0, wc0.s32, #0, c0, c2
.nohwbrkpt
.noswbrkpt
        1686    0x00 0x00 0x00 0x00 0x10 0x00 0x00 0x0d 0x3f 0xda 0x00 0xd8 0x40 0x20 0x10 0x84  NOP;                NOP;                NOP;                          NOP;                          VST.SPIL.48 aml3.hi, [sp, #-608];NOP;                                 VMAC.48 bm1, ya.s16, r8, c1, r0, wc0.s32, #0, c0, c2
.nohwbrkpt
.noswbrkpt
        1702    0x00 0x00 0x00 0x00 0x10 0x00 0x00 0x0c 0x3f 0xdc 0x00 0xd8 0x40 0x00 0x10 0x88  NOP;                NOP;                NOP;                          NOP;                          VST.SPIL.48 aml3.lo, [sp, #-576];NOP;                                 VMAC.48 bm2, ya.s16, r0, c1, r0, wc0.s32, #0, c0, c2
.nohwbrkpt
.noswbrkpt
        1718    0x80 0x00 0x05 0x84 0x02 0x01 0x09 0x47                                          NOP;                                    NOP;                                                                                                                              VMAC.48 bm1, yd.s16, r8, c1, r0, wc0.s32, #0, c0, c2
.nohwbrkpt
.noswbrkpt
        1726    0x80 0x00 0x05 0x84 0x00 0x01 0x09 0x87                                          NOP;                                    NOP;                                                                                                                              VMAC.48 bm2, yd.s16, r0, c1, r0, wc0.s32, #0, c0, c2
.noswbrkpt
        1734    0x00 0x00 0x00 0x00 0x10 0x00 0x00 0x0c 0x71 0xbc 0x02 0xd8 0x40 0x20 0x10 0x84  NOP;                NOP;                NOP;                          NOP;                          VLDA.SPIL.48 amh2.lo, [sp, #-512];NOP;                                VMAC.48 bm1, ya.s16, r8, c1, r0, wc0.s32, #0, c0, c2
.nohwbrkpt
.noswbrkpt
        1750    0x00 0x00 0x00 0x00 0x10 0x00 0x00 0x0c 0x75 0xbb 0xc2 0xd8 0x40 0x00 0x10 0x88  NOP;                NOP;                NOP;                          NOP;                          VLDA.SPIL.48 amh2.hi, [sp, #-544];NOP;                                VMAC.48 bm2, ya.s16, r0, c1, r0, wc0.s32, #0, c0, c2
.nohwbrkpt
.noswbrkpt
        1766    0x80 0x00 0x00 0xc7 0x0b 0xc8 0x27 0xf7                                                                                  NOP;                                                        VLDA.SPIL.48 aml2.lo, [sp, #-448];NOP
.nohwbrkpt
.noswbrkpt
        1774    0x80 0x00 0x00 0xc7 0x4b 0xc4 0x27 0xf7                                                                                  NOP;                                                        VLDA.SPIL.48 aml2.hi, [sp, #-480];NOP
.nohwbrkpt
.noswbrkpt
        1782    0x00 0x01                                                                        NOP
.nohwbrkpt
.noswbrkpt
        1784    0x00 0x01                                                                        NOP
.nohwbrkpt
.noswbrkpt
        1786    0x83 0x2a 0x4d 0x84 0x00 0x01 0x0a 0xc7                                          NOP;                                    VMOVS.48.SRSB vch0, bm1, s1;                                                                                                      VMAC.48 bm3, ya.s16, r0, c1, r0, wc1.s32, #0, c0, c2
.nohwbrkpt
.noswbrkpt
        1794    0x83 0x4a 0x40 0xc7 0xa3 0xe4 0x27 0xf7                                                                                  VMOVS.48.SRSB vcl0, bm2, s1;                                VLDA.SPIL wc0, [sp, #-224];   NOP
.nohwbrkpt
.noswbrkpt
        1802    0x00 0x01                                                                        NOP
.nohwbrkpt
.noswbrkpt
        1804    0x80 0x00 0x00 0xc7 0xa3 0xf0 0x27 0xf7                                                                                  NOP;                                                        VLDA.SPIL wc0, [sp, #-128];   NOP
.nohwbrkpt
.noswbrkpt
        1812    0x00 0x01                                                                        NOP
.nohwbrkpt
.noswbrkpt
        1814    0x00 0x01                                                                        NOP
.nohwbrkpt
.noswbrkpt
        1816    0x80 0x00 0x00 0xd7 0xfe 0xc0 0x07 0xf7                                                                                  NOP;                                                        VST.SPIL.48 amh3.hi, [sp, #-320];NOP
.label ZLS_F_Z10filter_macP12input_windowIaEP13output_windowIaE_912
.loop_nesting 1
.begin_of_loop
.nohwbrkpt
.noswbrkpt
        1824    0xbb 0x00 0x08 0xc7 0xa3 0xe0 0x27 0xf7                                                                                  VST wc0, [p1], m0, cyc0;                                    VLDA.SPIL wc0, [sp, #-256];   NOP
.nohwbrkpt
.noswbrkpt
        1832    0x00 0x00 0x00 0x00 0x10 0x00 0x00 0x0c 0x3f 0xe6 0x00 0xd8 0x40 0x00 0x10 0x98  NOP;                NOP;                NOP;                          NOP;                          VST.SPIL.48 aml3.lo, [sp, #-416];NOP;                                 VMAC.48 bm2, yd.s16, r0, c1, r0, wc0.s32, #0, c0, c2
.nohwbrkpt
.noswbrkpt
        1848    0x00 0x00 0x00 0x00 0x10 0x00 0x00 0x0d 0x3f 0xe8 0x00 0xd8 0x40 0x20 0x10 0x94  NOP;                NOP;                NOP;                          NOP;                          VST.SPIL.48 aml3.hi, [sp, #-384];NOP;                                 VMAC.48 bm1, yd.s16, r8, c1, r0, wc0.s32, #0, c0, c2
.nohwbrkpt
.noswbrkpt
        1864    0x00 0x00 0x00 0x00 0x10 0x00 0x00 0x0c 0x70 0x3b 0x82 0xd8 0x40 0x20 0x10 0x84  NOP;                NOP;                NOP;                          NOP;                          VLDA.SPIL.48 aml0.lo, [sp, #-576];NOP;                                VMAC.48 bm1, ya.s16, r8, c1, r0, wc0.s32, #0, c0, c2
.nohwbrkpt
.noswbrkpt
        1880    0x00 0x00 0x00 0x00 0x10 0x00 0x00 0x0c 0x71 0x3b 0x02 0xd8 0x40 0x00 0x10 0x88  NOP;                NOP;                NOP;                          NOP;                          VLDA.SPIL.48 amh0.lo, [sp, #-640];NOP;                                VMAC.48 bm2, ya.s16, r0, c1, r0, wc0.s32, #0, c0, c2
.nohwbrkpt
.noswbrkpt
        1896    0xf0 0xfb 0x61 0x00 0x40 0x00 0x00 0x77                                          VLDA.48 aml0.hi, [sp, #-608];                                         NOP;                          VMOV aml1, aml0
.nohwbrkpt
.noswbrkpt
        1904    0xf4 0xfa 0xc2 0x88 0x70 0xa0 0xa0 0x57                                          VLDA.48 amh0.hi, [sp, #-672];VLDB.UNPACK.s8 xa, [p3], m0, cyc1;                                     VMOV amh1, amh0
.nohwbrkpt
.noswbrkpt
        1912    0x00 0x00 0x0e 0x88 0x70 0x00 0x00 0x0c 0x7a 0xbe 0xc2 0x3f                      NOP;                VLDB.UNPACK.s8 xd, [p3], m0, cyc1;NOP;                                          VLDA.SPIL wc1, [sp, #-160];   NOP
.nohwbrkpt
.noswbrkpt
        1924    0x80 0x00 0x00 0xc7 0x0f 0xcc 0x27 0xf7                                                                                  NOP;                                                        VLDA.SPIL.48 aml3.lo, [sp, #-416];NOP
.nohwbrkpt
.noswbrkpt
        1932    0x00 0x00 0x00 0x00 0x10 0x00 0x00 0x0c 0x74 0xfd 0x02 0xd8 0x40 0x20 0x10 0xa0  NOP;                NOP;                NOP;                          NOP;                          VLDA.SPIL.48 aml3.hi, [sp, #-384];NOP;                                VMAC.48 bm0, ya.s16, r8, c1, r0, wc1.s32, #0, c0, c2
.nohwbrkpt
.noswbrkpt
        1948    0x80 0x00 0x00 0xc7 0xfe 0xa0 0x07 0xf7                                                                                  NOP;                                                        VST.SPIL.48 amh3.lo, [sp, #-352];NOP
.nohwbrkpt
.noswbrkpt
        1956    0x80 0x00 0x00 0xc7 0x1f 0xd4 0x27 0xf7                                                                                  NOP;                                                        VLDA.SPIL.48 amh3.lo, [sp, #-352];NOP
.nohwbrkpt
.noswbrkpt
        1964    0x80 0x00 0x00 0xc7 0x5f 0xd8 0x27 0xf7                                                                                  NOP;                                                        VLDA.SPIL.48 amh3.hi, [sp, #-320];NOP
.nohwbrkpt
.noswbrkpt
        1972    0x80 0x00 0x00 0xc7 0xa3 0xe8 0x27 0xf7                                                                                  NOP;                                                        VLDA.SPIL wc0, [sp, #-192];   NOP
.nohwbrkpt
.noswbrkpt
        1980    0x80 0x00 0x00 0xec 0xfe 0xc0 0x07 0xf7                                                                                  NOP;                                                        VST.SPIL wd0, [sp, #-320];    NOP
.nohwbrkpt
.noswbrkpt
        1988    0x80 0x00 0x00 0xee 0xfe 0xa0 0x07 0xf7                                                                                  NOP;                                                        VST.SPIL wd1, [sp, #-352];    NOP
.nohwbrkpt
.noswbrkpt
        1996    0x00 0x00 0x00 0x00 0x10 0x00 0x00 0x0c 0xf3 0x3f 0xe2 0xd8 0x40 0x24 0x10 0x8c  NOP;                NOP;                NOP;                          NOP;                          VLDA.SPIL vdl0, [sp, #-16];   NOP;                                    VMAC.48 bm3, ya.s16, r9, c1, r0, wc0.s32, #0, c0, c2
.nohwbrkpt
.noswbrkpt
        2012    0x80 0x00 0x00 0xc7 0xbb 0xd4 0x27 0xf7                                                                                  NOP;                                                        VLDA.SPIL wd1, [sp, #-352];   NOP
.nohwbrkpt
.noswbrkpt
        2020    0x80 0x00 0x00 0xc7 0xb3 0xd8 0x27 0xf7                                                                                  NOP;                                                        VLDA.SPIL wd0, [sp, #-320];   NOP
.nohwbrkpt
.noswbrkpt
        2028    0x80 0x00 0x05 0x84 0x02 0x01 0x08 0x07                                          NOP;                                    NOP;                                                                                                                              VMAC.48 bm0, ya.s16, r8, c1, r0, wc0.s32, #0, c0, c2
.nohwbrkpt
.noswbrkpt
        2036    0x00 0x01                                                                        NOP
.nohwbrkpt
.noswbrkpt
        2038    0x00 0x01                                                                        NOP
.nohwbrkpt
.noswbrkpt
        2040    0x80 0x00 0x00 0xc3 0xfe 0x40 0x07 0xf7                                                                                  NOP;                                                        VST.SPIL.48 aml3.lo, [sp, #-448];NOP
.nohwbrkpt
.noswbrkpt
        2048    0x00 0x00 0x00 0x00 0x10 0x00 0x00 0x0c 0x7b 0xbd 0x42 0xc0 0x40 0x20 0x10 0xbc  NOP;                NOP;                NOP;                          NOP;                          VLDA.SPIL wd1, [sp, #-352];   NOP;                                    VMAC.48.UPSB bm3, vdl0, s0, ya.s16, r8, c1, r0, wc1.s32, #0, c0, c2
.nohwbrkpt
.noswbrkpt
        2064    0x80 0x00 0x00 0xc7 0xb3 0xd8 0x27 0xf7                                                                                  NOP;                                                        VLDA.SPIL wd0, [sp, #-320];   NOP
.nohwbrkpt
.noswbrkpt
        2072    0x00 0x00 0x00 0x00 0x10 0x00 0x00 0x0d 0x3f 0xe2 0x00 0xd8 0x40 0x20 0x10 0x9c  NOP;                NOP;                NOP;                          NOP;                          VST.SPIL.48 aml3.hi, [sp, #-480];NOP;                                 VMAC.48 bm3, yd.s16, r8, c1, r0, wc0.s32, #0, c0, c2
.nohwbrkpt
.noswbrkpt
        2088    0x80 0x00 0x00 0xc7 0xfe 0x00 0x07 0xf7                                                                                  NOP;                                                        VST.SPIL.48 amh3.lo, [sp, #-512];NOP
.nohwbrkpt
.noswbrkpt
        2096    0x80 0x00 0x00 0xc7 0xa3 0xf8 0x27 0xf7                                                                                  NOP;                                                        VLDA.SPIL wc0, [sp, #-64];    NOP
.nohwbrkpt
.noswbrkpt
        2104    0x80 0x00 0x00 0xd7 0xfd 0xe0 0x07 0xf7                                                                                  NOP;                                                        VST.SPIL.48 amh3.hi, [sp, #-544];NOP
.nohwbrkpt
.noswbrkpt
        2112    0x12 0xff 0x42 0x88 0x70 0x00 0x00 0x64 0x77 0x40 0x00 0xc0 0x40 0x00 0x10 0xbc  VLDA wc0, [sp, #-96];VLDB.UNPACK.s8 xa, [p3], m0, cyc1;NOP;           NOP;                          VMOV wd0, wr3;                NOP;                                    VMAC.48.UPSB bm3, vdl0, s0, ya.s16, r0, c1, r0, wc1.s32, #0, c0, c2
.nohwbrkpt
.noswbrkpt
        2128    0x80 0x00 0x00 0xc7 0xab 0xdc 0x27 0xf7                                                                                  NOP;                                                        VLDA.SPIL wc1, [sp, #-288];   NOP
.nohwbrkpt
.noswbrkpt
        2136    0x78 0xfe 0xe9 0x15 0x91 0x00 0x3e 0xc2 0x00 0x00 0x84 0xef                      NOP;                                    VST.48 aml3.lo, [sp, #-576];                                VMOV wc0, wr2;                NOP;                                    VMAC.48 bm3, yd.s16, r0, c1, r0, wc0.s32, #0, c0, c2
.nohwbrkpt
.noswbrkpt
        2148    0x00 0x00 0x00 0x00 0x10 0x00 0x00 0x0d 0x3f 0xda 0x00 0xd8 0x40 0x00 0x10 0x88  NOP;                NOP;                NOP;                          NOP;                          VST.SPIL.48 aml3.hi, [sp, #-608];NOP;                                 VMAC.48 bm2, ya.s16, r0, c1, r0, wc0.s32, #0, c0, c2
.nohwbrkpt
.noswbrkpt
        2164    0x00 0x00 0x00 0x00 0x10 0x00 0x00 0x0c 0x7f 0xd8 0x00 0xd8 0x40 0x20 0x10 0x84  NOP;                NOP;                NOP;                          NOP;                          VST.SPIL.48 amh3.lo, [sp, #-640];NOP;                                 VMAC.48 bm1, ya.s16, r8, c1, r0, wc0.s32, #0, c0, c2
.nohwbrkpt
.noswbrkpt
        2180    0x00 0x00 0x00 0x00 0x10 0x00 0x00 0x0d 0x7f 0xd6 0x00 0xd8 0x40 0x00 0x10 0x98  NOP;                NOP;                NOP;                          NOP;                          VST.SPIL.48 amh3.hi, [sp, #-672];NOP;                                 VMAC.48 bm2, yd.s16, r0, c1, r0, wc0.s32, #0, c0, c2
.nohwbrkpt
.noswbrkpt
        2196    0x80 0x00 0x05 0x84 0x02 0x01 0x09 0x47                                          NOP;                                    NOP;                                                                                                                              VMAC.48 bm1, yd.s16, r8, c1, r0, wc0.s32, #0, c0, c2
.nohwbrkpt
.noswbrkpt
        2204    0x80 0x00 0x05 0x84 0x00 0x01 0x08 0x87                                          NOP;                                    NOP;                                                                                                                              VMAC.48 bm2, ya.s16, r0, c1, r0, wc0.s32, #0, c0, c2
.nohwbrkpt
.noswbrkpt
        2212    0x80 0x00 0x05 0x84 0x02 0x01 0x08 0x47                                          NOP;                                    NOP;                                                                                                                              VMAC.48 bm1, ya.s16, r8, c1, r0, wc0.s32, #0, c0, c2
.nohwbrkpt
.noswbrkpt
        2220    0x80 0x00 0x05 0x84 0x00 0x01 0x0a 0xc7                                          NOP;                                    NOP;                                                                                                                              VMAC.48 bm3, ya.s16, r0, c1, r0, wc1.s32, #0, c0, c2
.nohwbrkpt
.noswbrkpt
        2228    0x80 0x00 0x00 0xc7 0x0b 0xc8 0x27 0xf7                                                                                  NOP;                                                        VLDA.SPIL.48 aml2.lo, [sp, #-448];NOP
.nohwbrkpt
.noswbrkpt
        2236    0x80 0x00 0x00 0xc7 0xa3 0xe4 0x27 0xf7                                                                                  NOP;                                                        VLDA.SPIL wc0, [sp, #-224];   NOP
.nohwbrkpt
.noswbrkpt
        2244    0x80 0x00 0x00 0xc7 0x1b 0xc0 0x27 0xf7                                                                                  NOP;                                                        VLDA.SPIL.48 amh2.lo, [sp, #-512];NOP
.nohwbrkpt
.noswbrkpt
        2252    0x83 0x4a 0x40 0xc7 0xa3 0xf0 0x27 0xf7                                                                                  VMOVS.48.SRSB vcl0, bm2, s1;                                VLDA.SPIL wc0, [sp, #-128];   NOP
.nohwbrkpt
.noswbrkpt
        2260    0x00 0x00 0x00 0x00 0x10 0x65 0x49 0x0c 0x74 0xbc 0x42 0x3f                      NOP;                NOP;                VMOVS.48.SRSB vch0, bm1, s1;                                VLDA.SPIL.48 aml2.hi, [sp, #-480];NOP
.nohwbrkpt
.noswbrkpt
        2272    0x00 0x00 0x00 0x00 0x10 0x00 0x00 0x0c 0x75 0xbb 0xc2 0x80 0x00 0x00 0x00 0x00  NOP;                NOP;                NOP;                          NOP;                          VLDA.SPIL.48 amh2.hi, [sp, #-544];NOP;                                NOP
.label ZLE_F_Z10filter_macP12input_windowIaEP13output_windowIaE_1376
.end_of_loop
.nohwbrkpt
.noswbrkpt
        2288    0x00 0x00 0x00 0x00 0x10 0x00 0x00 0x0d 0x7f 0xec 0x00 0x80 0x00 0x00 0x00 0x00  NOP;                NOP;                NOP;                          NOP;                          VST.SPIL.48 amh3.hi, [sp, #-320];NOP;                                 NOP
.loop_nesting 0
.nohwbrkpt
.noswbrkpt
        2304    0xbb 0x00 0x08 0x03                                                              NOP;                                    VST wc0, [p1], m0, cyc0
.nohwbrkpt
.noswbrkpt
        2308    0x00 0x00 0x0e 0x88 0x70 0x00 0x00 0x0c 0x70 0x3b 0x82 0xd8 0x40 0x00 0x10 0x98  NOP;                VLDB.UNPACK.s8 xd, [p3], m0, cyc1;NOP;            NOP;                          VLDA.SPIL.48 aml0.lo, [sp, #-576];NOP;                                VMAC.48 bm2, yd.s16, r0, c1, r0, wc0.s32, #0, c0, c2
.nohwbrkpt
.noswbrkpt
        2324    0x00 0x00 0x00 0x00 0x10 0x00 0x00 0x0c 0x7a 0x3e 0x02 0xd8 0x40 0x20 0x10 0x94  NOP;                NOP;                NOP;                          NOP;                          VLDA.SPIL wc0, [sp, #-256];   NOP;                                    VMAC.48 bm1, yd.s16, r8, c1, r0, wc0.s32, #0, c0, c2
.nohwbrkpt
.noswbrkpt
        2340    0x00 0x00 0x02 0x88 0x70 0x00 0x00 0x0c 0x7a 0xbe 0x42 0x3f                      NOP;                VLDB.UNPACK.s8 xa, [p3], m0, cyc1;NOP;                                          VLDA.SPIL wc1, [sp, #-224];   NOP
.nohwbrkpt
.noswbrkpt
        2352    0x00 0x00 0x00 0x00 0x10 0x00 0x00 0x0c 0x71 0x3b 0x02 0xd8 0x40 0x00 0x10 0x88  NOP;                NOP;                NOP;                          NOP;                          VLDA.SPIL.48 amh0.lo, [sp, #-640];NOP;                                VMAC.48 bm2, ya.s16, r0, c1, r0, wc0.s32, #0, c0, c2
.nohwbrkpt
.noswbrkpt
        2368    0xf0 0xfb 0x40 0x00 0x10 0x00 0x00 0x61 0x00 0x40 0x00 0xd8 0x40 0x20 0x10 0x84  VLDA.48 aml0.hi, [sp, #-608];NOP;       NOP;                          NOP;                          VMOV aml1, aml0;              NOP;                                    VMAC.48 bm1, ya.s16, r8, c1, r0, wc0.s32, #0, c0, c2
.nohwbrkpt
.noswbrkpt
        2384    0xf4 0xfa 0xe1 0x41 0x40 0x00 0x00 0x77                                          VLDA.48 amh0.hi, [sp, #-672];                                         NOP;                          VMOV amh1, amh0
.nohwbrkpt
.noswbrkpt
        2392    0x80 0x00 0x00 0xc3 0xfe 0x60 0x07 0xf7                                                                                  NOP;                                                        VST.SPIL.48 aml3.lo, [sp, #-416];NOP
.nohwbrkpt
.noswbrkpt
        2400    0x80 0x00 0x00 0xc7 0xfe 0xa0 0x07 0xf7                                                                                  NOP;                                                        VST.SPIL.48 amh3.lo, [sp, #-352];NOP
.nohwbrkpt
.noswbrkpt
        2408    0x00 0x00 0x00 0x00 0x10 0x00 0x00 0x0d 0x3f 0xe8 0x00 0xd8 0x40 0x20 0x10 0xa0  NOP;                NOP;                NOP;                          NOP;                          VST.SPIL.48 aml3.hi, [sp, #-384];NOP;                                 VMAC.48 bm0, ya.s16, r8, c1, r0, wc1.s32, #0, c0, c2
        2424    0x00 0x00 0x00 0x00 0x10 0x00 0x00 0x0c 0x70 0xfc 0xc2 0xd8 0x40 0x20 0x10 0x90  NOP;                NOP;                NOP;                          NOP;                          VLDA.SPIL.48 aml3.lo, [sp, #-416];NOP;                                VMAC.48 bm0, yd.s16, r8, c1, r0, wc0.s32, #0, c0, c2
        2440    0x00 0x00 0x00 0x00 0x10 0x00 0x00 0x0c 0x71 0xfd 0x42 0xd8 0x40 0x20 0x10 0xa0  NOP;                NOP;                NOP;                          NOP;                          VLDA.SPIL.48 amh3.lo, [sp, #-352];NOP;                                VMAC.48 bm0, ya.s16, r8, c1, r0, wc1.s32, #0, c0, c2
        2456    0x80 0x00 0x00 0xc7 0x4f 0xd0 0x27 0xf7                                                                                  NOP;                                                        VLDA.SPIL.48 aml3.hi, [sp, #-384];NOP
.noswbrkpt
        2464    0x00 0x00 0x0e 0x88 0x70 0x00 0x00 0x0c 0x75 0xfd 0x82 0x3f                      NOP;                VLDB.UNPACK.s8 xd, [p3], m0, cyc1;NOP;                                          VLDA.SPIL.48 amh3.hi, [sp, #-320];NOP
.nohwbrkpt
.noswbrkpt
        2476    0x80 0x00 0x00 0xc7 0xa3 0xf0 0x27 0xf7                                                                                  NOP;                                                        VLDA.SPIL wc0, [sp, #-128];   NOP
.nohwbrkpt
.noswbrkpt
        2484    0x00 0x01                                                                        NOP
.nohwbrkpt
.noswbrkpt
        2486    0x00 0x00 0x00 0x00 0x10 0x00 0x00 0x0c 0x7a 0x3f 0x82 0xd8 0x40 0x00 0x10 0x9c  NOP;                NOP;                NOP;                          NOP;                          VLDA.SPIL wc0, [sp, #-64];    NOP;                                    VMAC.48 bm3, yd.s16, r0, c1, r0, wc0.s32, #0, c0, c2
.nohwbrkpt
.noswbrkpt
        2502    0x00 0x00 0x09 0x15 0xb1 0x00 0x3e 0xc2 0x00 0x00 0x85 0x6f                      NOP;                                    NOP;                                                        VMOV wc1, wr2;                NOP;                                    VMAC.48 bm3, ya.s16, r0, c1, r0, wc1.s32, #0, c0, c2
.nohwbrkpt
.noswbrkpt
        2514    0x05 0x10 0xe0 0x00 0x00 0x00 0x06 0xc2 0x00 0x00 0x85 0xcf                      VLDA.UNPACK.s8 xa, [p3], m0, cyc1;      NOP;                          NOP;                                                        NOP;                                    VMAC.48 bm2, yd.s16, r0, c1, r0, wc1.s32, #0, c0, c2
.nohwbrkpt
.noswbrkpt
        2526    0x00 0x00 0x0e 0x88 0x70 0x00 0x00 0x40 0x00 0x00 0x00 0xd8 0x40 0x20 0x10 0xb4  NOP;                VLDB.UNPACK.s8 xd, [p3], m0, cyc1;NOP;            NOP;                          NOP;                          NOP;                                    VMAC.48 bm1, yd.s16, r8, c1, r0, wc1.s32, #0, c0, c2
.nohwbrkpt
.noswbrkpt
        2542    0x80 0x00 0x00 0xec 0xff 0xe0 0x07 0xf7                                                                                  NOP;                                                        VST.SPIL wd0, [sp, #-32];     NOP
.nohwbrkpt
.noswbrkpt
        2550    0x00 0x00 0x00 0x00 0x10 0x00 0x00 0x0e 0xef 0xf8 0x00 0xd8 0x40 0x00 0x10 0x9c  NOP;                NOP;                NOP;                          NOP;                          VST.SPIL wd1, [sp, #-128];    NOP;                                    VMAC.48 bm3, yd.s16, r0, c1, r0, wc0.s32, #0, c0, c2
.nohwbrkpt
.noswbrkpt
        2566    0x00 0x00 0x00 0x00 0x10 0x00 0x00 0x0c 0x7a 0xbf 0x42 0xd8 0x40 0x20 0x10 0x90  NOP;                NOP;                NOP;                          NOP;                          VLDA.SPIL wc1, [sp, #-96];    NOP;                                    VMAC.48 bm0, yd.s16, r8, c1, r0, wc0.s32, #0, c0, c2
.nohwbrkpt
.noswbrkpt
        2582    0x00 0x00 0x00 0x00 0x10 0x00 0x00 0x0c 0x7b 0x3f 0xc2 0xd8 0x40 0x00 0x10 0x88  NOP;                NOP;                NOP;                          NOP;                          VLDA.SPIL wd0, [sp, #-32];    NOP;                                    VMAC.48 bm2, ya.s16, r0, c1, r0, wc0.s32, #0, c0, c2
.nohwbrkpt
.noswbrkpt
        2598    0x00 0x00 0x00 0x00 0x10 0x00 0x00 0x0c 0x7b 0xbf 0x02 0xd8 0x40 0x20 0x10 0x84  NOP;                NOP;                NOP;                          NOP;                          VLDA.SPIL wd1, [sp, #-128];   NOP;                                    VMAC.48 bm1, ya.s16, r8, c1, r0, wc0.s32, #0, c0, c2
.nohwbrkpt
.noswbrkpt
        2614    0x00 0x01                                                                        NOP
.nohwbrkpt
.noswbrkpt
        2616    0x00 0x00 0x0e 0x88 0x70 0x00 0x00 0x40 0x00 0x00 0x00 0xd8 0x40 0x00 0x10 0xbc  NOP;                VLDB.UNPACK.s8 xd, [p3], m0, cyc1;NOP;            NOP;                          NOP;                          NOP;                                    VMAC.48 bm3, yd.s16, r0, c1, r0, wc1.s32, #0, c0, c2
.nohwbrkpt
.noswbrkpt
        2632    0x80 0x00 0x05 0x84 0x02 0x01 0x0b 0x07                                          NOP;                                    NOP;                                                                                                                              VMAC.48 bm0, yd.s16, r8, c1, r0, wc1.s32, #0, c0, c2
.nohwbrkpt
.noswbrkpt
        2640    0x00 0x01                                                                        NOP
.nohwbrkpt
.noswbrkpt
        2642    0x00 0x01                                                                        NOP
.nohwbrkpt
.noswbrkpt
        2644    0x00 0x01                                                                        NOP
.nohwbrkpt
.noswbrkpt
        2646    0x80 0x00 0x05 0x84 0x00 0x01 0x0b 0x87                                          NOP;                                    NOP;                                                                                                                              VMAC.48 bm2, yd.s16, r0, c1, r0, wc1.s32, #0, c0, c2
.nohwbrkpt
.noswbrkpt
        2654    0x80 0x00 0x05 0x84 0x02 0x01 0x0b 0x47                                          NOP;                                    NOP;                                                                                                                              VMAC.48 bm1, yd.s16, r8, c1, r0, wc1.s32, #0, c0, c2
        2662    0x80 0x00 0x05 0x84 0x00 0x01 0x09 0xc7                                          NOP;                                    NOP;                                                                                                                              VMAC.48 bm3, yd.s16, r0, c1, r0, wc0.s32, #0, c0, c2
        2670    0x80 0x00 0x05 0x84 0x00 0x01 0x0a 0xc7                                          NOP;                                    NOP;                                                                                                                              VMAC.48 bm3, ya.s16, r0, c1, r0, wc1.s32, #0, c0, c2
        2678    0x80 0x00 0x05 0x84 0x02 0x01 0x09 0x07                                          NOP;                                    NOP;                                                                                                                              VMAC.48 bm0, yd.s16, r8, c1, r0, wc0.s32, #0, c0, c2
        2686    0x80 0x00 0x05 0x84 0x02 0x01 0x0a 0x07                                          NOP;                                    NOP;                                                                                                                              VMAC.48 bm0, ya.s16, r8, c1, r0, wc1.s32, #0, c0, c2
        2694    0x83 0x4a 0x40 0x03                                                              NOP;                                    VMOVS.48.SRSB vcl0, bm2, s1
        2698    0x83 0x2a 0x48 0x03                                                              NOP;                                    VMOVS.48.SRSB vch0, bm1, s1
        2702    0x00 0x01                                                                        NOP
        2704    0x83 0x6a 0x00 0x03                                                              NOP;                                    VMOVS.48.SRSB vrl0, bm3, s1
        2708    0x00 0x01                                                                        NOP
        2710    0x00 0x00 0x01 0x80 0x00 0x30 0xa0 0xb7                                          NOP;                                    VMOVS.48.SRSB vrh0, bm0, s1;  RET lr
.delay_slot
.swstall delay_slot
        2718    0x00 0x01                                                                        NOP
.delay_slot
        2720    0x00 0x00 0x3f 0xc8 0x53 0xb0 0x00 0xb7                                          NOP;                                    VST wc0, [p1], m0, cyc0;      MOV.s12 cs2, #-28
.delay_slot
        2728    0x00 0x00 0x3a 0xc1 0x13 0xa0 0x00 0xb7                                          NOP;                                    VST wr0, [p1], m0, cyc0;      MOV.s12 m2, #-672
.delay_slot
        2736    0x08 0x94 0x00 0x00 0x02 0xd7 0x88 0x37                                          PADDA [sp], m2;                         ST p3, [p0, cs2];             NOP
.delay_slot
        2744    0xad 0x38 0x90 0x03                                                              NOP;                                    ST p1, [p2, cs2]
.label _Z10filter_macP12input_windowIaEP13output_windowIaE__end
.label __Z10filter_macP12input_windowIaEP13output_windowIaE___func_end0

.text_segment PM   2752
.label _fini
.function_start
        2752    0x00 0x00 0x07 0xbd 0x48 0x10 0x40 0x77                                          NOP;                                                                  MOV.s12 m0, #32;              MOV r5, r11
        2760    0x08 0x90 0x00 0x00 0x10 0x00 0x00 0x0a 0x00 0x0b 0x30 0x3f                      PADDA [sp], m0;     NOP;                NOP;                                                        J #2864;                      NOP
.delay_slot
        2772    0x0e 0x98 0x18 0x03                                                              NOP;                                                                                                MOV r0, r4
.delay_slot
        2776    0x52 0x3f 0xc0 0x00 0x00 0x37 0xd0 0xf7                                                                                  ST lr, [sp, #-16];            NOP;                          MOV p0, p7
.delay_slot
        2784    0xad 0x1f 0xe8 0x40 0xd0 0x00 0x07 0xf7                                                                                  ST p0, [sp, #-12];                                          MOV.u20 r4, #0;               NOP
.delay_slot
        2792    0xae 0x1f 0xf8 0x40 0xbc 0x00 0x07 0xf7                                                                                  ST r0, [sp, #-4];                                           MOV.u20 p7, #0;               NOP
.delay_slot
        2800    0x00 0x00 0x00 0x00 0x15 0xd7 0xfe 0x04 0x0e 0xc0 0x00 0x80 0x00 0x00 0x00 0x00  NOP;                NOP;                ST r5, [sp, #-8];             NOP;                          MOV.u20 r11, #0;              NOP;                                    NOP
.label TGT_F_fini_64
.loop_nesting 1
        2816    0x40 0xa3 0xc0 0x00 0x00 0x00 0x00 0x37                                          LDA cb0, [p7], #4;                      NOP;                          NOP
        2824    0x00 0x01                                                                        NOP
        2826    0x00 0x01                                                                        NOP
        2828    0x00 0x01                                                                        NOP
        2830    0x00 0x01                                                                        NOP
        2832    0x00 0x01                                                                        NOP
        2834    0x00 0x01                                                                        NOP
        2836    0x00 0x01                                                                        NOP
.no_stack_arguments
        2838    0x00 0x41                                                                        JAL cb0
.delay_slot
        2840    0xbf 0xb5                                                                        MOV r11, p7
.delay_slot
.swstall delay_slot
        2842    0x00 0x01                                                                        NOP
.delay_slot
.swstall delay_slot
        2844    0x00 0x01                                                                        NOP
.delay_slot
.swstall delay_slot
        2846    0x00 0x01                                                                        NOP
.delay_slot
.swstall delay_slot
        2848    0x00 0x00 0x00 0x00 0x00 0x00 0x00 0x00 0x00 0x00 0x00 0x00 0x00 0x00 0x00 0x02  NOP;                NOP;                NOP;                          NOP;                          NOP;                          NOP;                                    NOP
.label __ll1__fini
.return_address
        2864    0x39 0xb4 0xc0 0x03                                                              NOP;                                                                  NE r12, r4, r11
        2868    0x80 0x00 0x00 0x91 0x80 0xb0 0x07 0xf7                                                                                  NOP;                                                        BNEZ r12,#2816;               NOP
.delay_slot
.swstall delay_slot
        2876    0x00 0x01                                                                        NOP
.delay_slot
.swstall delay_slot
        2878    0x00 0x01                                                                        NOP
.delay_slot
.swstall delay_slot
        2880    0x00 0x01                                                                        NOP
.delay_slot
.swstall delay_slot
        2882    0x00 0x01                                                                        NOP
.delay_slot
.swstall delay_slot
        2884    0x00 0x01                                                                        NOP
.loop_nesting 0
        2886    0x58 0xff 0x38 0x03                                                              NOP;                LDB lr, [sp, #-16]
        2890    0x80 0x00 0x00 0xc7 0xef 0xff 0x67 0xf7                                                                                  NOP;                                                        LDA.SPIL r11, [sp, #-8];      NOP
        2898    0x80 0x00 0x00 0xc7 0xd3 0xff 0xe7 0xf7                                                                                  NOP;                                                        LDA.SPIL r4, [sp, #-4];       NOP
        2906    0x80 0x00 0x00 0xc7 0xbf 0xfe 0xe7 0xf7                                                                                  NOP;                                                        LDA.SPIL p7, [sp, #-12];      NOP
        2914    0x00 0x01                                                                        NOP
        2916    0x00 0x01                                                                        NOP
        2918    0x00 0x01                                                                        NOP
        2920    0x00 0x01                                                                        NOP
        2922    0x01 0x01                                                                        RET lr
.delay_slot
.swstall delay_slot
        2924    0x00 0x01                                                                        NOP
.delay_slot
.swstall delay_slot
        2926    0x00 0x01                                                                        NOP
.delay_slot
        2928    0x7f 0x82 0x00 0x03                                                              NOP;                                                                  MOV.s12 m0, #-32
.delay_slot
        2932    0x08 0x90 0x00 0x00 0x00 0x00 0x00 0x37                                          PADDA [sp], m0;                         NOP;                          NOP
.delay_slot
.swstall delay_slot
        2940    0x00 0x01                                                                        NOP
.label _fini__end

.text_segment PM   2944
.label __cxa_finalize
.function_start
        2944    0x00 0x00 0x18 0xff 0xa8 0x04 0x78 0x04 0xca 0x07 0xf0 0x3f                      NOP;                MOV.s9 r8, #-3;                                   MOV.s12 r12, #8;              MOV.u20 p0, #198640;          NOP
        2956    0x79 0xd0 0x00 0x00 0x10 0x00 0x00 0x04 0xcb 0x88 0x20 0x3f                      LDA r9, [p0];       NOP;                NOP;                                                        MOV.u20 p6, #198688;          NOP
        2968    0x5f 0x34 0x00 0x00 0x01 0x02 0xb4 0xf7                                                                                  ST r12, [p0];                 NOP;                          MOV r10, lr
        2976    0x00 0x01                                                                        NOP
        2978    0x00 0x01                                                                        NOP
        2980    0x00 0x01                                                                        NOP
        2982    0x00 0x01                                                                        NOP
        2984    0x00 0x01                                                                        NOP
        2986    0x00 0x01                                                                        NOP
        2988    0x27 0x89 0x90 0x03                                                              NOP;                                                                  ADD r9, r9, #-8
        2992    0x00 0x00 0x07 0x98 0x07 0xf1 0x36 0x77                                          NOP;                                                                  ASHL r11, r9, r8;             MOV m0, r9
        3000    0xa0 0x10 0x30 0x03                                                              NOP;                                    PADDS [p6], m0
        3004    0x00 0x00 0x00 0x03                                                              NOP;                                                                  NOP
.label TGT_F__cxa_finalize_64
.loop_nesting 1
        3008    0x40 0xa3 0x80 0x00 0x00 0x00 0x00 0x37                                          LDA cb0, [p6], #4;                      NOP;                          NOP
        3016    0x68 0xbb 0x80 0x00 0x00 0x00 0x00 0x37                                          LDA p0, [p6], #-12;                     NOP;                          NOP
        3024    0x00 0x01                                                                        NOP
        3026    0x00 0x01                                                                        NOP
        3028    0x00 0x01                                                                        NOP
        3030    0x00 0x01                                                                        NOP
        3032    0x00 0x01                                                                        NOP
        3034    0x00 0x01                                                                        NOP
.no_stack_arguments
        3036    0x00 0x41                                                                        JAL cb0
.delay_slot
.swstall delay_slot
        3038    0x00 0x01                                                                        NOP
.delay_slot
.swstall delay_slot
        3040    0x00 0x01                                                                        NOP
.delay_slot
.swstall delay_slot
        3042    0x00 0x01                                                                        NOP
.delay_slot
        3044    0x0e 0x1a 0x18 0x03                                                              NOP;                                                                                                MOV r4, r0
.delay_slot
.swstall delay_slot
        3048    0x00 0x00 0x00 0x00 0x00 0x00 0x00 0x37                                          NOP;                                    NOP;                          NOP
.return_address
        3056    0x80 0x00 0x00 0x40 0x40 0xbc 0x07 0xf7                                                                                  NOP;                                                        MOV.u20 cb0, #3008;           NOP
        3064    0x03 0x8b 0xb0 0x03                                                              NOP;                                                                  BDEC r11, r11, cb0
.delay_slot
        3068    0xd3 0x05                                                                        MOV r0, r4
.delay_slot
.swstall delay_slot
        3070    0x00 0x01                                                                        NOP
.delay_slot
.swstall delay_slot
        3072    0x00 0x01                                                                        NOP
.delay_slot
.swstall delay_slot
        3074    0x00 0x01                                                                        NOP
.delay_slot
.swstall delay_slot
        3076    0x00 0x01                                                                        NOP
.loop_nesting 0
        3078    0xa1 0x61                                                                        MOV lr, r10
        3080    0x01 0x01                                                                        RET lr
.delay_slot
.swstall delay_slot
        3082    0x00 0x01                                                                        NOP
.delay_slot
.swstall delay_slot
        3084    0x00 0x01                                                                        NOP
.delay_slot
.swstall delay_slot
        3086    0x00 0x01                                                                        NOP
.delay_slot
.swstall delay_slot
        3088    0x00 0x01                                                                        NOP
.delay_slot
.swstall delay_slot
        3090    0x00 0x01                                                                        NOP
.label __cxa_finalize__end

.data_segment DMb 196608
.label _ZL11sync_buffer
	0x0
	0x0
	0x0
	0x0
	0xff
	0xff
	0xff
	0xff
	0x0
	0x0
	0x0
	0x0
	0x0
	0x0
	0x0
	0x0
	0x0
	0x0
	0x0
	0x0
	0x0
	0x0
	0x0
	0x0
	0x0
	0x0
	0x0
	0x0
	0x0
	0x0
	0x0
	0x0

.data_segment DMb 198640
.label _ZL10atexit_cnt
	0x8
	0x0
	0x0
	0x0

.rodata_segment DMb 198656
.label ZERO
	0x0
	0x0
	0x0
	0x0
	0x0
	0x0
	0x0
	0x0
	0x0
	0x0
	0x0
	0x0
	0x0
	0x0
	0x0
	0x0
	0x0
	0x0
	0x0
	0x0
	0x0
	0x0
	0x0
	0x0
	0x0
	0x0
	0x0
	0x0
	0x0
	0x0
	0x0
	0x0

.data_segment DMb 198688
.label _ZL7atexits
	0xc0
	0xa
	0x0
	0x0
	0x0
	0x0
	0x0
	0x0
	0x0
	0x0
	0x0
	0x0
	0x0
	0x0
	0x0
	0x0
	0x0
	0x0
	0x0
	0x0
	0x0
	0x0
	0x0
	0x0
	0x0
	0x0
	0x0
	0x0
	0x0
	0x0
	0x0
	0x0

.bss_segment DMb 212992	    6144

.bss_segment DMb 221184	    6144

.bss_segment DMb 229376	    2048

.bss_segment DMb 245760	    2048

.stack DM_stack 196640 198640
